#
# A fatal error has been detected by the Java Runtime Environment:
#
#  EXCEPTION_ACCESS_VIOLATION (0xc0000005) at pc=0x0000022fca1fd7a3, pid=18636, tid=18656
#
# JRE version: OpenJDK Runtime Environment (11.0.5+10) (build 11.0.5+10-LTS)
# Java VM: OpenJDK 64-Bit Server VM (11.0.5+10-LTS, mixed mode, tiered, compressed oops, g1 gc, windows-amd64)
# Problematic frame:
# j  java.lang.String.valueOf(Ljava/lang/Object;)Ljava/lang/String;+10 java.base@11.0.5
#
# No core dump will be written. Minidumps are not enabled by default on client versions of Windows
#
# If you would like to submit a bug report, please visit:
#   http://bugreport.java.com/bugreport/crash.jsp
#

---------------  S U M M A R Y ------------

Command Line: -Dfile.encoding=Cp1252 com.mycodefu.unsafe.tests.UnsafeTests

Host: Intel(R) Core(TM) i5-8250U CPU @ 1.60GHz, 8 cores, 7G,  Windows 10 , 64 bit Build 18362 (10.0.18362.778)
Time: Tue Jun  2 16:58:49 2020 AUS Eastern Standard Time elapsed time: 0 seconds (0d 0h 0m 0s)

---------------  T H R E A D  ---------------

Current thread (0x0000022fc1bbe000):  JavaThread "main" [_thread_in_Java, id=18656, stack(0x000000b283d00000,0x000000b283e00000)]

Stack: [0x000000b283d00000,0x000000b283e00000],  sp=0x000000b283dff2d8,  free space=1020k
Native frames: (J=compiled Java code, j=interpreted, Vv=VM code, C=native code)
C  0x0000022fca1fd7a3


siginfo: EXCEPTION_ACCESS_VIOLATION (0xc0000005), reading address 0x00000008000001d8


Register to memory mapping:

RIP=0x0000022fca1fd7a3 is at code_begin+899 in an Interpreter codelet
invokevirtual  182 invokevirtual  [0x0000022fca1fd420, 0x0000022fca1fd900]  1248 bytes
RAX=0x00000007fffffff8 is an unknown value
RBX=0x0000000000000002 is an unknown value
RCX=
[error occurred during error reporting (printing register info), id 0xc0000005, EXCEPTION_ACCESS_VIOLATION (0xc0000005) at pc=0x00007ffbf7386f16]

Registers:
RAX=0x00000007fffffff8, RBX=0x0000000000000002, RCX=0x000000008a439538, RDX=0x0000000080000001
RSP=0x000000b283dff2d8, RBP=0x000000b283dff330, RSI=0x0000000000000002, RDI=0x0000022fca1e9e03
R8 =0x000000b283dff3c8, R9 =0x000000008a510770, R10=0x00007ffbf7c0a810, R11=0x000000b283dff388
R12=0x0000000000000000, R13=0x0000022fe0a292ea, R14=0x0000000000000000, R15=0x0000022fc1bbe000
RIP=0x0000022fca1fd7a3, EFLAGS=0x0000000000010246

Top of Stack: (sp=0x000000b283dff2d8)
0x000000b283dff2d8:   0000022fca1e9b80 000000008a439538
0x000000b283dff2e8:   000000b283dff2e8 0000022fe0a292ea
0x000000b283dff2f8:   000000b283dff340 0000022fe0b27868
0x000000b283dff308:   0000000000000000 000000008a500980
0x000000b283dff318:   0000022fe0a29308 0000000000000000
0x000000b283dff328:   000000b283dff340 000000b283dff398
0x000000b283dff338:   0000022fca1e9b80 000000008a439538
0x000000b283dff348:   000000008a510770 000000b283dff350
0x000000b283dff358:   0000022fe0bb27c2 000000b283dff3b0
0x000000b283dff368:   0000022fe0bb4640 0000000000000000
0x000000b283dff378:   000000008a5106c8 0000022fe0bb27f0
0x000000b283dff388:   000000b283dff340 000000b283dff3a8
0x000000b283dff398:   000000b283dff410 0000022fca1e9e03
0x000000b283dff3a8:   000000008a439538 000000008a510770
0x000000b283dff3b8:   0000000000000001 000000008a510770
0x000000b283dff3c8:   000000b283dff3b8 0000022fe0bb3016 

Instructions: (pc=0x0000022fca1fd7a3)
0x0000022fca1fd6a3:   00 00 00 75 2f 48 81 78 08 00 00 00 00 74 21 48
0x0000022fca1fd6b3:   81 78 08 01 00 00 00 74 17 4c 33 68 08 49 f7 c5
0x0000022fca1fd6c3:   fc ff ff ff 74 0e 48 81 48 08 02 00 00 00 eb 04
0x0000022fca1fd6d3:   4c 89 68 08 48 83 c0 10 4c 8b 68 d8 41 83 ed 04
0x0000022fca1fd6e3:   41 c1 e5 03 49 03 c5 48 89 45 d8 4c 8d 6c 24 08
0x0000022fca1fd6f3:   4c 89 6d f0 ff 63 48 8b 41 08 48 c1 e0 03 4c 8b
0x0000022fca1fd703:   75 d8 4d 85 f6 0f 84 95 00 00 00 49 8b 56 18 48
0x0000022fca1fd713:   3b d0 0f 85 0f 00 00 00 49 83 46 20 01 49 83 5e
0x0000022fca1fd723:   20 00 e9 71 00 00 00 48 85 d2 0f 84 42 00 00 00
0x0000022fca1fd733:   49 8b 56 28 48 3b d0 0f 85 0f 00 00 00 49 83 46
0x0000022fca1fd743:   30 01 49 83 5e 30 00 e9 4c 00 00 00 48 85 d2 74
0x0000022fca1fd753:   0f 49 83 46 08 01 49 83 5e 08 00 e9 38 00 00 00
0x0000022fca1fd763:   49 89 46 28 ba 01 00 00 00 49 89 56 30 e9 26 00
0x0000022fca1fd773:   00 00 49 3b 46 28 0f 85 0f 00 00 00 49 83 46 30
0x0000022fca1fd783:   01 49 83 5e 30 00 e9 0d 00 00 00 49 89 46 18 ba
0x0000022fca1fd793:   01 00 00 00 49 89 56 20 49 83 c6 38 4c 89 75 d8
0x0000022fca1fd7a3:   48 8b 9c d8 d0 01 00 00 48 8b 55 d8 48 85 d2 0f
0x0000022fca1fd7b3:   84 2f 01 00 00 80 7a c8 0b 0f 85 25 01 00 00 48
0x0000022fca1fd7c3:   83 c2 08 4c 8b 6a f8 41 83 ed 00 41 83 fd 02 0f
0x0000022fca1fd7d3:   8c 04 01 00 00 4c 8b 6b 08 45 0f b7 6d 34 4c 2b
0x0000022fca1fd7e3:   2a 41 83 ed 01 4e 8b 6c ec 08 4d 85 ed 75 0a 48
0x0000022fca1fd7f3:   81 4a 08 01 00 00 00 eb 4d 45 8b 6d 08 49 c1 e5
0x0000022fca1fd803:   03 4c 33 6a 08 49 f7 c5 fc ff ff ff 74 38 49 f7
0x0000022fca1fd813:   c5 02 00 00 00 75 2f 48 81 7a 08 00 00 00 00 74
0x0000022fca1fd823:   21 48 81 7a 08 01 00 00 00 74 17 4c 33 6a 08 49
0x0000022fca1fd833:   f7 c5 fc ff ff ff 74 0e 48 81 4a 08 02 00 00 00
0x0000022fca1fd843:   eb 04 4c 89 6a 08 48 83 c2 10 4c 8b 6a e8 41 83
0x0000022fca1fd853:   ed 02 41 83 fd 02 0f 8c 7d 00 00 00 4c 8b 6b 08
0x0000022fca1fd863:   45 0f b7 6d 34 4c 2b 2a 41 83 ed 01 4e 8b 6c ec
0x0000022fca1fd873:   08 4d 85 ed 75 0a 48 81 4a 08 01 00 00 00 eb 4d
0x0000022fca1fd883:   45 8b 6d 08 49 c1 e5 03 4c 33 6a 08 49 f7 c5 fc
0x0000022fca1fd893:   ff ff ff 74 38 49 f7 c5 02 00 00 00 75 2f 48 81 


Stack slot to memory mapping:
stack at sp + 0 slots: 0x0000022fca1e9b80 is at code_begin+1664 in an Interpreter codelet
invoke return entry points  [0x0000022fca1e9500, 0x0000022fca1e9ee0]  2528 bytes
stack at sp + 1 slots: 
[error occurred during error reporting (inspecting top of stack), id 0xc0000005, EXCEPTION_ACCESS_VIOLATION (0xc0000005) at pc=0x00007ffbf7386f16]

invokevirtual  182 invokevirtual  [0x0000022fca1fd420, 0x0000022fca1fd900]  1248 bytes

---------------  P R O C E S S  ---------------

Threads class SMR info:
_java_thread_list=0x0000022fe14ceae0, length=10, elements={
0x0000022fc1bbe000, 0x0000022fe0a08800, 0x0000022fe0a02000, 0x0000022fe0a10800,
0x0000022fe0a11800, 0x0000022fe0a13800, 0x0000022fe1329800, 0x0000022fe132e000,
0x0000022fe14df800, 0x0000022fe14ed800
}

Java Threads: ( => current thread )
=>0x0000022fc1bbe000 JavaThread "main" [_thread_in_Java, id=18656, stack(0x000000b283d00000,0x000000b283e00000)]
  0x0000022fe0a08800 JavaThread "Reference Handler" daemon [_thread_blocked, id=18748, stack(0x000000b284400000,0x000000b284500000)]
  0x0000022fe0a02000 JavaThread "Finalizer" daemon [_thread_blocked, id=18768, stack(0x000000b284500000,0x000000b284600000)]
  0x0000022fe0a10800 JavaThread "Signal Dispatcher" daemon [_thread_blocked, id=18788, stack(0x000000b284600000,0x000000b284700000)]
  0x0000022fe0a11800 JavaThread "Attach Listener" daemon [_thread_blocked, id=18784, stack(0x000000b284700000,0x000000b284800000)]
  0x0000022fe0a13800 JavaThread "C2 CompilerThread0" daemon [_thread_blocked, id=18776, stack(0x000000b284800000,0x000000b284900000)]
  0x0000022fe1329800 JavaThread "C1 CompilerThread0" daemon [_thread_blocked, id=19040, stack(0x000000b284900000,0x000000b284a00000)]
  0x0000022fe132e000 JavaThread "Sweeper thread" daemon [_thread_blocked, id=18960, stack(0x000000b284a00000,0x000000b284b00000)]
  0x0000022fe14df800 JavaThread "Service Thread" daemon [_thread_blocked, id=18872, stack(0x000000b284b00000,0x000000b284c00000)]
  0x0000022fe14ed800 JavaThread "Common-Cleaner" daemon [_thread_blocked, id=18800, stack(0x000000b284d00000,0x000000b284e00000)]

Other Threads:
  0x0000022fe09d7800 VMThread "VM Thread" [stack: 0x000000b284300000,0x000000b284400000] [id=18692]
  0x0000022fe14f5000 WatcherThread [stack: 0x000000b284c00000,0x000000b284d00000] [id=18852]
  0x0000022fc1bd6800 GCTaskThread "GC Thread#0" [stack: 0x000000b283e00000,0x000000b283f00000] [id=18700]
  0x0000022fc1c06800 ConcurrentGCThread "G1 Main Marker" [stack: 0x000000b283f00000,0x000000b284000000] [id=18724]
  0x0000022fc1c08000 ConcurrentGCThread "G1 Conc#0" [stack: 0x000000b284000000,0x000000b284100000] [id=18760]
  0x0000022fe0841800 ConcurrentGCThread "G1 Refine#0" [stack: 0x000000b284100000,0x000000b284200000] [id=18740]
  0x0000022fe0842800 ConcurrentGCThread "G1 Young RemSet Sampling" [stack: 0x000000b284200000,0x000000b284300000] [id=18728]

Threads with active compile tasks:

VM state:not at safepoint (normal execution)

VM Mutex/Monitor currently owned by a thread: None

Heap address: 0x0000000082800000, size: 2008 MB, Compressed Oops mode: 32-bit
Narrow klass base: 0x0000000000000000, Narrow klass shift: 3
Compressed class space size: 1073741824 Address: 0x0000000100000000

Heap:
 garbage-first heap   total 129024K, used 1024K [0x0000000082800000, 0x0000000100000000)
  region size 1024K, 2 young (2048K), 0 survivors (0K)
 Metaspace       used 4375K, capacity 4489K, committed 4864K, reserved 1056768K
  class space    used 357K, capacity 387K, committed 512K, reserved 1048576K
Heap Regions: E=young(eden), S=young(survivor), O=old, HS=humongous(starts), HC=humongous(continues), CS=collection set, F=free, A=archive, TAMS=top-at-mark-start (previous, next)
|   0|0x0000000082800000, 0x0000000082800000, 0x0000000082900000|  0%| F|  |TAMS 0x0000000082800000, 0x0000000082800000| Untracked 
|   1|0x0000000082900000, 0x0000000082900000, 0x0000000082a00000|  0%| F|  |TAMS 0x0000000082900000, 0x0000000082900000| Untracked 
|   2|0x0000000082a00000, 0x0000000082a00000, 0x0000000082b00000|  0%| F|  |TAMS 0x0000000082a00000, 0x0000000082a00000| Untracked 
|   3|0x0000000082b00000, 0x0000000082b00000, 0x0000000082c00000|  0%| F|  |TAMS 0x0000000082b00000, 0x0000000082b00000| Untracked 
|   4|0x0000000082c00000, 0x0000000082c00000, 0x0000000082d00000|  0%| F|  |TAMS 0x0000000082c00000, 0x0000000082c00000| Untracked 
|   5|0x0000000082d00000, 0x0000000082d00000, 0x0000000082e00000|  0%| F|  |TAMS 0x0000000082d00000, 0x0000000082d00000| Untracked 
|   6|0x0000000082e00000, 0x0000000082e00000, 0x0000000082f00000|  0%| F|  |TAMS 0x0000000082e00000, 0x0000000082e00000| Untracked 
|   7|0x0000000082f00000, 0x0000000082f00000, 0x0000000083000000|  0%| F|  |TAMS 0x0000000082f00000, 0x0000000082f00000| Untracked 
|   8|0x0000000083000000, 0x0000000083000000, 0x0000000083100000|  0%| F|  |TAMS 0x0000000083000000, 0x0000000083000000| Untracked 
|   9|0x0000000083100000, 0x0000000083100000, 0x0000000083200000|  0%| F|  |TAMS 0x0000000083100000, 0x0000000083100000| Untracked 
|  10|0x0000000083200000, 0x0000000083200000, 0x0000000083300000|  0%| F|  |TAMS 0x0000000083200000, 0x0000000083200000| Untracked 
|  11|0x0000000083300000, 0x0000000083300000, 0x0000000083400000|  0%| F|  |TAMS 0x0000000083300000, 0x0000000083300000| Untracked 
|  12|0x0000000083400000, 0x0000000083400000, 0x0000000083500000|  0%| F|  |TAMS 0x0000000083400000, 0x0000000083400000| Untracked 
|  13|0x0000000083500000, 0x0000000083500000, 0x0000000083600000|  0%| F|  |TAMS 0x0000000083500000, 0x0000000083500000| Untracked 
|  14|0x0000000083600000, 0x0000000083600000, 0x0000000083700000|  0%| F|  |TAMS 0x0000000083600000, 0x0000000083600000| Untracked 
|  15|0x0000000083700000, 0x0000000083700000, 0x0000000083800000|  0%| F|  |TAMS 0x0000000083700000, 0x0000000083700000| Untracked 
|  16|0x0000000083800000, 0x0000000083800000, 0x0000000083900000|  0%| F|  |TAMS 0x0000000083800000, 0x0000000083800000| Untracked 
|  17|0x0000000083900000, 0x0000000083900000, 0x0000000083a00000|  0%| F|  |TAMS 0x0000000083900000, 0x0000000083900000| Untracked 
|  18|0x0000000083a00000, 0x0000000083a00000, 0x0000000083b00000|  0%| F|  |TAMS 0x0000000083a00000, 0x0000000083a00000| Untracked 
|  19|0x0000000083b00000, 0x0000000083b00000, 0x0000000083c00000|  0%| F|  |TAMS 0x0000000083b00000, 0x0000000083b00000| Untracked 
|  20|0x0000000083c00000, 0x0000000083c00000, 0x0000000083d00000|  0%| F|  |TAMS 0x0000000083c00000, 0x0000000083c00000| Untracked 
|  21|0x0000000083d00000, 0x0000000083d00000, 0x0000000083e00000|  0%| F|  |TAMS 0x0000000083d00000, 0x0000000083d00000| Untracked 
|  22|0x0000000083e00000, 0x0000000083e00000, 0x0000000083f00000|  0%| F|  |TAMS 0x0000000083e00000, 0x0000000083e00000| Untracked 
|  23|0x0000000083f00000, 0x0000000083f00000, 0x0000000084000000|  0%| F|  |TAMS 0x0000000083f00000, 0x0000000083f00000| Untracked 
|  24|0x0000000084000000, 0x0000000084000000, 0x0000000084100000|  0%| F|  |TAMS 0x0000000084000000, 0x0000000084000000| Untracked 
|  25|0x0000000084100000, 0x0000000084100000, 0x0000000084200000|  0%| F|  |TAMS 0x0000000084100000, 0x0000000084100000| Untracked 
|  26|0x0000000084200000, 0x0000000084200000, 0x0000000084300000|  0%| F|  |TAMS 0x0000000084200000, 0x0000000084200000| Untracked 
|  27|0x0000000084300000, 0x0000000084300000, 0x0000000084400000|  0%| F|  |TAMS 0x0000000084300000, 0x0000000084300000| Untracked 
|  28|0x0000000084400000, 0x0000000084400000, 0x0000000084500000|  0%| F|  |TAMS 0x0000000084400000, 0x0000000084400000| Untracked 
|  29|0x0000000084500000, 0x0000000084500000, 0x0000000084600000|  0%| F|  |TAMS 0x0000000084500000, 0x0000000084500000| Untracked 
|  30|0x0000000084600000, 0x0000000084600000, 0x0000000084700000|  0%| F|  |TAMS 0x0000000084600000, 0x0000000084600000| Untracked 
|  31|0x0000000084700000, 0x0000000084700000, 0x0000000084800000|  0%| F|  |TAMS 0x0000000084700000, 0x0000000084700000| Untracked 
|  32|0x0000000084800000, 0x0000000084800000, 0x0000000084900000|  0%| F|  |TAMS 0x0000000084800000, 0x0000000084800000| Untracked 
|  33|0x0000000084900000, 0x0000000084900000, 0x0000000084a00000|  0%| F|  |TAMS 0x0000000084900000, 0x0000000084900000| Untracked 
|  34|0x0000000084a00000, 0x0000000084a00000, 0x0000000084b00000|  0%| F|  |TAMS 0x0000000084a00000, 0x0000000084a00000| Untracked 
|  35|0x0000000084b00000, 0x0000000084b00000, 0x0000000084c00000|  0%| F|  |TAMS 0x0000000084b00000, 0x0000000084b00000| Untracked 
|  36|0x0000000084c00000, 0x0000000084c00000, 0x0000000084d00000|  0%| F|  |TAMS 0x0000000084c00000, 0x0000000084c00000| Untracked 
|  37|0x0000000084d00000, 0x0000000084d00000, 0x0000000084e00000|  0%| F|  |TAMS 0x0000000084d00000, 0x0000000084d00000| Untracked 
|  38|0x0000000084e00000, 0x0000000084e00000, 0x0000000084f00000|  0%| F|  |TAMS 0x0000000084e00000, 0x0000000084e00000| Untracked 
|  39|0x0000000084f00000, 0x0000000084f00000, 0x0000000085000000|  0%| F|  |TAMS 0x0000000084f00000, 0x0000000084f00000| Untracked 
|  40|0x0000000085000000, 0x0000000085000000, 0x0000000085100000|  0%| F|  |TAMS 0x0000000085000000, 0x0000000085000000| Untracked 
|  41|0x0000000085100000, 0x0000000085100000, 0x0000000085200000|  0%| F|  |TAMS 0x0000000085100000, 0x0000000085100000| Untracked 
|  42|0x0000000085200000, 0x0000000085200000, 0x0000000085300000|  0%| F|  |TAMS 0x0000000085200000, 0x0000000085200000| Untracked 
|  43|0x0000000085300000, 0x0000000085300000, 0x0000000085400000|  0%| F|  |TAMS 0x0000000085300000, 0x0000000085300000| Untracked 
|  44|0x0000000085400000, 0x0000000085400000, 0x0000000085500000|  0%| F|  |TAMS 0x0000000085400000, 0x0000000085400000| Untracked 
|  45|0x0000000085500000, 0x0000000085500000, 0x0000000085600000|  0%| F|  |TAMS 0x0000000085500000, 0x0000000085500000| Untracked 
|  46|0x0000000085600000, 0x0000000085600000, 0x0000000085700000|  0%| F|  |TAMS 0x0000000085600000, 0x0000000085600000| Untracked 
|  47|0x0000000085700000, 0x0000000085700000, 0x0000000085800000|  0%| F|  |TAMS 0x0000000085700000, 0x0000000085700000| Untracked 
|  48|0x0000000085800000, 0x0000000085800000, 0x0000000085900000|  0%| F|  |TAMS 0x0000000085800000, 0x0000000085800000| Untracked 
|  49|0x0000000085900000, 0x0000000085900000, 0x0000000085a00000|  0%| F|  |TAMS 0x0000000085900000, 0x0000000085900000| Untracked 
|  50|0x0000000085a00000, 0x0000000085a00000, 0x0000000085b00000|  0%| F|  |TAMS 0x0000000085a00000, 0x0000000085a00000| Untracked 
|  51|0x0000000085b00000, 0x0000000085b00000, 0x0000000085c00000|  0%| F|  |TAMS 0x0000000085b00000, 0x0000000085b00000| Untracked 
|  52|0x0000000085c00000, 0x0000000085c00000, 0x0000000085d00000|  0%| F|  |TAMS 0x0000000085c00000, 0x0000000085c00000| Untracked 
|  53|0x0000000085d00000, 0x0000000085d00000, 0x0000000085e00000|  0%| F|  |TAMS 0x0000000085d00000, 0x0000000085d00000| Untracked 
|  54|0x0000000085e00000, 0x0000000085e00000, 0x0000000085f00000|  0%| F|  |TAMS 0x0000000085e00000, 0x0000000085e00000| Untracked 
|  55|0x0000000085f00000, 0x0000000085f00000, 0x0000000086000000|  0%| F|  |TAMS 0x0000000085f00000, 0x0000000085f00000| Untracked 
|  56|0x0000000086000000, 0x0000000086000000, 0x0000000086100000|  0%| F|  |TAMS 0x0000000086000000, 0x0000000086000000| Untracked 
|  57|0x0000000086100000, 0x0000000086100000, 0x0000000086200000|  0%| F|  |TAMS 0x0000000086100000, 0x0000000086100000| Untracked 
|  58|0x0000000086200000, 0x0000000086200000, 0x0000000086300000|  0%| F|  |TAMS 0x0000000086200000, 0x0000000086200000| Untracked 
|  59|0x0000000086300000, 0x0000000086300000, 0x0000000086400000|  0%| F|  |TAMS 0x0000000086300000, 0x0000000086300000| Untracked 
|  60|0x0000000086400000, 0x0000000086400000, 0x0000000086500000|  0%| F|  |TAMS 0x0000000086400000, 0x0000000086400000| Untracked 
|  61|0x0000000086500000, 0x0000000086500000, 0x0000000086600000|  0%| F|  |TAMS 0x0000000086500000, 0x0000000086500000| Untracked 
|  62|0x0000000086600000, 0x0000000086600000, 0x0000000086700000|  0%| F|  |TAMS 0x0000000086600000, 0x0000000086600000| Untracked 
|  63|0x0000000086700000, 0x0000000086700000, 0x0000000086800000|  0%| F|  |TAMS 0x0000000086700000, 0x0000000086700000| Untracked 
|  64|0x0000000086800000, 0x0000000086800000, 0x0000000086900000|  0%| F|  |TAMS 0x0000000086800000, 0x0000000086800000| Untracked 
|  65|0x0000000086900000, 0x0000000086900000, 0x0000000086a00000|  0%| F|  |TAMS 0x0000000086900000, 0x0000000086900000| Untracked 
|  66|0x0000000086a00000, 0x0000000086a00000, 0x0000000086b00000|  0%| F|  |TAMS 0x0000000086a00000, 0x0000000086a00000| Untracked 
|  67|0x0000000086b00000, 0x0000000086b00000, 0x0000000086c00000|  0%| F|  |TAMS 0x0000000086b00000, 0x0000000086b00000| Untracked 
|  68|0x0000000086c00000, 0x0000000086c00000, 0x0000000086d00000|  0%| F|  |TAMS 0x0000000086c00000, 0x0000000086c00000| Untracked 
|  69|0x0000000086d00000, 0x0000000086d00000, 0x0000000086e00000|  0%| F|  |TAMS 0x0000000086d00000, 0x0000000086d00000| Untracked 
|  70|0x0000000086e00000, 0x0000000086e00000, 0x0000000086f00000|  0%| F|  |TAMS 0x0000000086e00000, 0x0000000086e00000| Untracked 
|  71|0x0000000086f00000, 0x0000000086f00000, 0x0000000087000000|  0%| F|  |TAMS 0x0000000086f00000, 0x0000000086f00000| Untracked 
|  72|0x0000000087000000, 0x0000000087000000, 0x0000000087100000|  0%| F|  |TAMS 0x0000000087000000, 0x0000000087000000| Untracked 
|  73|0x0000000087100000, 0x0000000087100000, 0x0000000087200000|  0%| F|  |TAMS 0x0000000087100000, 0x0000000087100000| Untracked 
|  74|0x0000000087200000, 0x0000000087200000, 0x0000000087300000|  0%| F|  |TAMS 0x0000000087200000, 0x0000000087200000| Untracked 
|  75|0x0000000087300000, 0x0000000087300000, 0x0000000087400000|  0%| F|  |TAMS 0x0000000087300000, 0x0000000087300000| Untracked 
|  76|0x0000000087400000, 0x0000000087400000, 0x0000000087500000|  0%| F|  |TAMS 0x0000000087400000, 0x0000000087400000| Untracked 
|  77|0x0000000087500000, 0x0000000087500000, 0x0000000087600000|  0%| F|  |TAMS 0x0000000087500000, 0x0000000087500000| Untracked 
|  78|0x0000000087600000, 0x0000000087600000, 0x0000000087700000|  0%| F|  |TAMS 0x0000000087600000, 0x0000000087600000| Untracked 
|  79|0x0000000087700000, 0x0000000087700000, 0x0000000087800000|  0%| F|  |TAMS 0x0000000087700000, 0x0000000087700000| Untracked 
|  80|0x0000000087800000, 0x0000000087800000, 0x0000000087900000|  0%| F|  |TAMS 0x0000000087800000, 0x0000000087800000| Untracked 
|  81|0x0000000087900000, 0x0000000087900000, 0x0000000087a00000|  0%| F|  |TAMS 0x0000000087900000, 0x0000000087900000| Untracked 
|  82|0x0000000087a00000, 0x0000000087a00000, 0x0000000087b00000|  0%| F|  |TAMS 0x0000000087a00000, 0x0000000087a00000| Untracked 
|  83|0x0000000087b00000, 0x0000000087b00000, 0x0000000087c00000|  0%| F|  |TAMS 0x0000000087b00000, 0x0000000087b00000| Untracked 
|  84|0x0000000087c00000, 0x0000000087c00000, 0x0000000087d00000|  0%| F|  |TAMS 0x0000000087c00000, 0x0000000087c00000| Untracked 
|  85|0x0000000087d00000, 0x0000000087d00000, 0x0000000087e00000|  0%| F|  |TAMS 0x0000000087d00000, 0x0000000087d00000| Untracked 
|  86|0x0000000087e00000, 0x0000000087e00000, 0x0000000087f00000|  0%| F|  |TAMS 0x0000000087e00000, 0x0000000087e00000| Untracked 
|  87|0x0000000087f00000, 0x0000000087f00000, 0x0000000088000000|  0%| F|  |TAMS 0x0000000087f00000, 0x0000000087f00000| Untracked 
|  88|0x0000000088000000, 0x0000000088000000, 0x0000000088100000|  0%| F|  |TAMS 0x0000000088000000, 0x0000000088000000| Untracked 
|  89|0x0000000088100000, 0x0000000088100000, 0x0000000088200000|  0%| F|  |TAMS 0x0000000088100000, 0x0000000088100000| Untracked 
|  90|0x0000000088200000, 0x0000000088200000, 0x0000000088300000|  0%| F|  |TAMS 0x0000000088200000, 0x0000000088200000| Untracked 
|  91|0x0000000088300000, 0x0000000088300000, 0x0000000088400000|  0%| F|  |TAMS 0x0000000088300000, 0x0000000088300000| Untracked 
|  92|0x0000000088400000, 0x0000000088400000, 0x0000000088500000|  0%| F|  |TAMS 0x0000000088400000, 0x0000000088400000| Untracked 
|  93|0x0000000088500000, 0x0000000088500000, 0x0000000088600000|  0%| F|  |TAMS 0x0000000088500000, 0x0000000088500000| Untracked 
|  94|0x0000000088600000, 0x0000000088600000, 0x0000000088700000|  0%| F|  |TAMS 0x0000000088600000, 0x0000000088600000| Untracked 
|  95|0x0000000088700000, 0x0000000088700000, 0x0000000088800000|  0%| F|  |TAMS 0x0000000088700000, 0x0000000088700000| Untracked 
|  96|0x0000000088800000, 0x0000000088800000, 0x0000000088900000|  0%| F|  |TAMS 0x0000000088800000, 0x0000000088800000| Untracked 
|  97|0x0000000088900000, 0x0000000088900000, 0x0000000088a00000|  0%| F|  |TAMS 0x0000000088900000, 0x0000000088900000| Untracked 
|  98|0x0000000088a00000, 0x0000000088a00000, 0x0000000088b00000|  0%| F|  |TAMS 0x0000000088a00000, 0x0000000088a00000| Untracked 
|  99|0x0000000088b00000, 0x0000000088b00000, 0x0000000088c00000|  0%| F|  |TAMS 0x0000000088b00000, 0x0000000088b00000| Untracked 
| 100|0x0000000088c00000, 0x0000000088c00000, 0x0000000088d00000|  0%| F|  |TAMS 0x0000000088c00000, 0x0000000088c00000| Untracked 
| 101|0x0000000088d00000, 0x0000000088d00000, 0x0000000088e00000|  0%| F|  |TAMS 0x0000000088d00000, 0x0000000088d00000| Untracked 
| 102|0x0000000088e00000, 0x0000000088e00000, 0x0000000088f00000|  0%| F|  |TAMS 0x0000000088e00000, 0x0000000088e00000| Untracked 
| 103|0x0000000088f00000, 0x0000000088f00000, 0x0000000089000000|  0%| F|  |TAMS 0x0000000088f00000, 0x0000000088f00000| Untracked 
| 104|0x0000000089000000, 0x0000000089000000, 0x0000000089100000|  0%| F|  |TAMS 0x0000000089000000, 0x0000000089000000| Untracked 
| 105|0x0000000089100000, 0x0000000089100000, 0x0000000089200000|  0%| F|  |TAMS 0x0000000089100000, 0x0000000089100000| Untracked 
| 106|0x0000000089200000, 0x0000000089200000, 0x0000000089300000|  0%| F|  |TAMS 0x0000000089200000, 0x0000000089200000| Untracked 
| 107|0x0000000089300000, 0x0000000089300000, 0x0000000089400000|  0%| F|  |TAMS 0x0000000089300000, 0x0000000089300000| Untracked 
| 108|0x0000000089400000, 0x0000000089400000, 0x0000000089500000|  0%| F|  |TAMS 0x0000000089400000, 0x0000000089400000| Untracked 
| 109|0x0000000089500000, 0x0000000089500000, 0x0000000089600000|  0%| F|  |TAMS 0x0000000089500000, 0x0000000089500000| Untracked 
| 110|0x0000000089600000, 0x0000000089600000, 0x0000000089700000|  0%| F|  |TAMS 0x0000000089600000, 0x0000000089600000| Untracked 
| 111|0x0000000089700000, 0x0000000089700000, 0x0000000089800000|  0%| F|  |TAMS 0x0000000089700000, 0x0000000089700000| Untracked 
| 112|0x0000000089800000, 0x0000000089800000, 0x0000000089900000|  0%| F|  |TAMS 0x0000000089800000, 0x0000000089800000| Untracked 
| 113|0x0000000089900000, 0x0000000089900000, 0x0000000089a00000|  0%| F|  |TAMS 0x0000000089900000, 0x0000000089900000| Untracked 
| 114|0x0000000089a00000, 0x0000000089a00000, 0x0000000089b00000|  0%| F|  |TAMS 0x0000000089a00000, 0x0000000089a00000| Untracked 
| 115|0x0000000089b00000, 0x0000000089b00000, 0x0000000089c00000|  0%| F|  |TAMS 0x0000000089b00000, 0x0000000089b00000| Untracked 
| 116|0x0000000089c00000, 0x0000000089c00000, 0x0000000089d00000|  0%| F|  |TAMS 0x0000000089c00000, 0x0000000089c00000| Untracked 
| 117|0x0000000089d00000, 0x0000000089d00000, 0x0000000089e00000|  0%| F|  |TAMS 0x0000000089d00000, 0x0000000089d00000| Untracked 
| 118|0x0000000089e00000, 0x0000000089e00000, 0x0000000089f00000|  0%| F|  |TAMS 0x0000000089e00000, 0x0000000089e00000| Untracked 
| 119|0x0000000089f00000, 0x0000000089f00000, 0x000000008a000000|  0%| F|  |TAMS 0x0000000089f00000, 0x0000000089f00000| Untracked 
| 120|0x000000008a000000, 0x000000008a000000, 0x000000008a100000|  0%| F|  |TAMS 0x000000008a000000, 0x000000008a000000| Untracked 
| 121|0x000000008a100000, 0x000000008a100000, 0x000000008a200000|  0%| F|  |TAMS 0x000000008a100000, 0x000000008a100000| Untracked 
| 122|0x000000008a200000, 0x000000008a200000, 0x000000008a300000|  0%| F|  |TAMS 0x000000008a200000, 0x000000008a200000| Untracked 
| 123|0x000000008a300000, 0x000000008a300000, 0x000000008a400000|  0%| F|  |TAMS 0x000000008a300000, 0x000000008a300000| Untracked 
| 124|0x000000008a400000, 0x000000008a47b630, 0x000000008a500000| 48%| E|  |TAMS 0x000000008a400000, 0x000000008a400000| Complete 
| 125|0x000000008a500000, 0x000000008a600000, 0x000000008a600000|100%| E|CS|TAMS 0x000000008a500000, 0x000000008a500000| Complete 

Card table byte_map: [0x0000022fd9900000,0x0000022fd9cf0000] _byte_map_base: 0x0000022fd94ec000

Marking Bits (Prev, Next): (CMBitMap*) 0x0000022fc1bfe148, (CMBitMap*) 0x0000022fc1bfe180
 Prev Bits: [0x0000022fda0e0000, 0x0000022fdc040000)
 Next Bits: [0x0000022fdc040000, 0x0000022fddfa0000)

Polling page: 0x0000022fbfbd0000

Metaspace:

Usage:
  Non-class:      4.01 MB capacity,     3.92 MB ( 98%) used,    84.27 KB (  2%) free+waste,   256 bytes ( <1%) overhead. 
      Class:    387.00 KB capacity,   357.98 KB ( 93%) used,    28.83 KB (  7%) free+waste,   192 bytes ( <1%) overhead. 
       Both:      4.38 MB capacity,     4.27 MB ( 97%) used,   113.09 KB (  3%) free+waste,   448 bytes ( <1%) overhead. 

Virtual space:
  Non-class space:        8.00 MB reserved,       4.25 MB ( 53%) committed 
      Class space:        1.00 GB reserved,     512.00 KB ( <1%) committed 
             Both:        1.01 GB reserved,       4.75 MB ( <1%) committed 

Chunk freelists:
   Non-Class:  0 bytes
       Class:  0 bytes
        Both:  0 bytes

MaxMetaspaceSize: 17179869184.00 GB
CompressedClassSpaceSize: 1.00 GB

CodeHeap 'non-profiled nmethods': size=120000Kb used=26Kb max_used=26Kb free=119973Kb
 bounds [0x0000022fd1cb0000, 0x0000022fd1f20000, 0x0000022fd91e0000]
CodeHeap 'profiled nmethods': size=120000Kb used=115Kb max_used=115Kb free=119884Kb
 bounds [0x0000022fca780000, 0x0000022fca9f0000, 0x0000022fd1cb0000]
CodeHeap 'non-nmethods': size=5760Kb used=1019Kb max_used=1019Kb free=4740Kb
 bounds [0x0000022fca1e0000, 0x0000022fca450000, 0x0000022fca780000]
 total_blobs=685 nmethods=92 adapters=194
 compilation: enabled
              stopped_count=0, restarted_count=0
 full_count=0

Compilation events (20 events):
Event: 0.089 Thread 0x0000022fe1329800 nmethod 78 0x0000022fd1cb4b10 code [0x0000022fd1cb4cc0, 0x0000022fd1cb4dd8]
Event: 0.090 Thread 0x0000022fe0a13800 nmethod 67 0x0000022fd1cb4e90 code [0x0000022fd1cb5020, 0x0000022fd1cb5258]
Event: 0.090 Thread 0x0000022fe0a13800   69       4       java.util.ImmutableCollections$SetN$SetNIterator::hasNext (13 bytes)
Event: 0.090 Thread 0x0000022fe0a13800 nmethod 69 0x0000022fd1cb5390 code [0x0000022fd1cb5520, 0x0000022fd1cb5598]
Event: 0.090 Thread 0x0000022fe0a13800   76       4       java.util.HashMap::afterNodeInsertion (1 bytes)
Event: 0.091 Thread 0x0000022fe0a13800 nmethod 76 0x0000022fd1cb5610 code [0x0000022fd1cb57a0, 0x0000022fd1cb57f8]
Event: 0.092 Thread 0x0000022fe1329800   79       3       java.lang.StringLatin1::indexOf (61 bytes)
Event: 0.092 Thread 0x0000022fe1329800 nmethod 79 0x0000022fca79ac10 code [0x0000022fca79ade0, 0x0000022fca79b1f8]
Event: 0.094 Thread 0x0000022fe1329800   80       3       java.lang.String::hashCode (49 bytes)
Event: 0.094 Thread 0x0000022fe1329800 nmethod 80 0x0000022fca79b310 code [0x0000022fca79b500, 0x0000022fca79b970]
Event: 0.094 Thread 0x0000022fe1329800   81       3       java.lang.AbstractStringBuilder::ensureCapacityInternal (39 bytes)
Event: 0.095 Thread 0x0000022fe1329800 nmethod 81 0x0000022fca79bb10 code [0x0000022fca79bd00, 0x0000022fca79c1e0]
Event: 0.095 Thread 0x0000022fe1329800   82       3       java.lang.CharacterDataLatin1::getProperties (11 bytes)
Event: 0.095 Thread 0x0000022fe1329800 nmethod 82 0x0000022fca79c390 code [0x0000022fca79c540, 0x0000022fca79c6d8]
Event: 0.108 Thread 0x0000022fe1329800   87       3       java.lang.StringLatin1::canEncode (13 bytes)
Event: 0.109 Thread 0x0000022fe1329800 nmethod 87 0x0000022fca79c790 code [0x0000022fca79c940, 0x0000022fca79cad8]
Event: 0.110 Thread 0x0000022fe1329800   89       3       java.lang.AbstractStringBuilder::isLatin1 (19 bytes)
Event: 0.110 Thread 0x0000022fe1329800 nmethod 89 0x0000022fca79cb90 code [0x0000022fca79cd40, 0x0000022fca79cf18]
Event: 0.110 Thread 0x0000022fe1329800   88       1       java.lang.Enum::ordinal (5 bytes)
Event: 0.110 Thread 0x0000022fe1329800 nmethod 88 0x0000022fd1cb6090 code [0x0000022fd1cb6240, 0x0000022fd1cb6358]

GC Heap History (0 events):
No events

Deoptimization events (4 events):
Event: 0.093 Thread 0x0000022fc1bbe000 Uncommon trap: trap_request=0xffffff4d fr.pc=0x0000022fd1cb5210 relative=0x00000000000001f0
Event: 0.093 Thread 0x0000022fc1bbe000 Uncommon trap: reason=unstable_if action=reinterpret pc=0x0000022fd1cb5210 method=java.lang.String.hashCode()I @ 14 c2
Event: 0.093 Thread 0x0000022fc1bbe000 DEOPT PACKING pc=0x0000022fd1cb5210 sp=0x000000b283dfd6e0
Event: 0.093 Thread 0x0000022fc1bbe000 DEOPT UNPACKING pc=0x0000022fca208f2f sp=0x000000b283dfd678 mode 2

Classes redefined (0 events):
No events

Internal exceptions (0 events):
No events

Events (20 events):
Event: 0.109 loading class jdk/internal/org/objectweb/asm/Label
Event: 0.109 loading class jdk/internal/org/objectweb/asm/Label done
Event: 0.109 loading class jdk/internal/org/objectweb/asm/Frame
Event: 0.109 loading class jdk/internal/org/objectweb/asm/Frame done
Event: 0.109 loading class jdk/internal/org/objectweb/asm/AnnotationWriter
Event: 0.109 loading class jdk/internal/org/objectweb/asm/AnnotationVisitor
Event: 0.109 loading class jdk/internal/org/objectweb/asm/AnnotationVisitor done
Event: 0.109 loading class jdk/internal/org/objectweb/asm/AnnotationWriter done
Event: 0.109 loading class java/lang/invoke/InnerClassLambdaMetafactory$ForwardingMethodGenerator
Event: 0.110 loading class java/lang/invoke/TypeConvertingMethodAdapter
Event: 0.110 loading class java/lang/invoke/TypeConvertingMethodAdapter done
Event: 0.110 loading class java/lang/invoke/InnerClassLambdaMetafactory$ForwardingMethodGenerator done
Event: 0.110 loading class java/nio/CharBuffer
Event: 0.111 loading class java/lang/Readable
Event: 0.111 loading class java/lang/Readable done
Event: 0.111 loading class java/nio/CharBuffer done
Event: 0.111 loading class java/nio/HeapCharBuffer
Event: 0.111 loading class java/nio/HeapCharBuffer done
Event: 0.111 loading class java/nio/charset/CoderResult
Event: 0.111 loading class java/nio/charset/CoderResult done


Dynamic libraries:
0x00007ff741060000 - 0x00007ff74106d000 	C:\Program Files\Amazon Corretto\jdk11.0.5_10\bin\javaw.exe
0x00007ffc41100000 - 0x00007ffc412f0000 	C:\WINDOWS\SYSTEM32\ntdll.dll
0x00007ffc3f960000 - 0x00007ffc3fa12000 	C:\WINDOWS\System32\KERNEL32.DLL
0x00007ffc3ec00000 - 0x00007ffc3eea4000 	C:\WINDOWS\System32\KERNELBASE.dll
0x00007ffc3eb00000 - 0x00007ffc3ebfa000 	C:\WINDOWS\System32\ucrtbase.dll
0x00007ffc283b0000 - 0x00007ffc283c5000 	C:\Program Files\Amazon Corretto\jdk11.0.5_10\bin\VCRUNTIME140.dll
0x00007ffc28390000 - 0x00007ffc283a7000 	C:\Program Files\Amazon Corretto\jdk11.0.5_10\bin\jli.dll
0x00007ffc3f7c0000 - 0x00007ffc3f954000 	C:\WINDOWS\System32\USER32.dll
0x00007ffc3ead0000 - 0x00007ffc3eaf1000 	C:\WINDOWS\System32\win32u.dll
0x00007ffc2d850000 - 0x00007ffc2dad4000 	C:\WINDOWS\WinSxS\amd64_microsoft.windows.common-controls_6595b64144ccf1df_6.0.18362.836_none_e6c4b943130f18ed\COMCTL32.dll
0x00007ffc40ac0000 - 0x00007ffc40ae6000 	C:\WINDOWS\System32\GDI32.dll
0x00007ffc3f430000 - 0x00007ffc3f4ce000 	C:\WINDOWS\System32\msvcrt.dll
0x00007ffc3efc0000 - 0x00007ffc3f154000 	C:\WINDOWS\System32\gdi32full.dll
0x00007ffc3fa20000 - 0x00007ffc3fd56000 	C:\WINDOWS\System32\combase.dll
0x00007ffc40970000 - 0x00007ffc40a90000 	C:\WINDOWS\System32\RPCRT4.dll
0x00007ffc3e830000 - 0x00007ffc3e8ce000 	C:\WINDOWS\System32\msvcp_win.dll
0x00007ffc3e900000 - 0x00007ffc3e980000 	C:\WINDOWS\System32\bcryptPrimitives.dll
0x00007ffc40a90000 - 0x00007ffc40abe000 	C:\WINDOWS\System32\IMM32.DLL
0x00007ffc24120000 - 0x00007ffc241bb000 	C:\Program Files\Amazon Corretto\jdk11.0.5_10\bin\msvcp140.dll
0x00007ffbf7200000 - 0x00007ffbf7cba000 	C:\Program Files\Amazon Corretto\jdk11.0.5_10\bin\server\jvm.dll
0x00007ffc3fee0000 - 0x00007ffc3ff83000 	C:\WINDOWS\System32\ADVAPI32.dll
0x00007ffc3fd70000 - 0x00007ffc3fe07000 	C:\WINDOWS\System32\sechost.dll
0x00007ffc3f660000 - 0x00007ffc3f668000 	C:\WINDOWS\System32\PSAPI.DLL
0x00007ffc2dd50000 - 0x00007ffc2dd59000 	C:\WINDOWS\SYSTEM32\WSOCK32.dll
0x00007ffc3fe70000 - 0x00007ffc3fedf000 	C:\WINDOWS\System32\WS2_32.dll
0x00007ffc3b5e0000 - 0x00007ffc3b604000 	C:\WINDOWS\SYSTEM32\WINMM.dll
0x00007ffc368e0000 - 0x00007ffc368ea000 	C:\WINDOWS\SYSTEM32\VERSION.dll
0x00007ffc3b560000 - 0x00007ffc3b58d000 	C:\WINDOWS\SYSTEM32\winmmbase.dll
0x00007ffc3f160000 - 0x00007ffc3f1aa000 	C:\WINDOWS\System32\cfgmgr32.dll
0x00007ffc3dfd0000 - 0x00007ffc3dfe1000 	C:\WINDOWS\System32\kernel.appcore.dll
0x00007ffc3bb00000 - 0x00007ffc3bb10000 	C:\Program Files\Amazon Corretto\jdk11.0.5_10\bin\verify.dll
0x00007ffc3c8e0000 - 0x00007ffc3cad4000 	C:\WINDOWS\SYSTEM32\DBGHELP.DLL
0x00007ffc29990000 - 0x00007ffc299ba000 	C:\WINDOWS\SYSTEM32\dbgcore.DLL
0x00007ffc27c20000 - 0x00007ffc27c48000 	C:\Program Files\Amazon Corretto\jdk11.0.5_10\bin\java.dll
0x00007ffc2a970000 - 0x00007ffc2a986000 	C:\Program Files\Amazon Corretto\jdk11.0.5_10\bin\zip.dll
0x00007ffc29f80000 - 0x00007ffc29f8a000 	C:\Program Files\Amazon Corretto\jdk11.0.5_10\bin\jimage.dll
0x00007ffc40280000 - 0x00007ffc40964000 	C:\WINDOWS\System32\SHELL32.dll
0x00007ffc3f4e0000 - 0x00007ffc3f589000 	C:\WINDOWS\System32\shcore.dll
0x00007ffc3e090000 - 0x00007ffc3e80e000 	C:\WINDOWS\System32\windows.storage.dll
0x00007ffc3dff0000 - 0x00007ffc3e013000 	C:\WINDOWS\System32\profapi.dll
0x00007ffc3e020000 - 0x00007ffc3e06a000 	C:\WINDOWS\System32\powrprof.dll
0x00007ffc3dfc0000 - 0x00007ffc3dfd0000 	C:\WINDOWS\System32\UMPDC.dll
0x00007ffc3f220000 - 0x00007ffc3f272000 	C:\WINDOWS\System32\shlwapi.dll
0x00007ffc3e810000 - 0x00007ffc3e827000 	C:\WINDOWS\System32\cryptsp.dll

dbghelp: loaded successfully - version: 4.0.5 - missing functions: none
symbol engine: initialized successfully - sym options: 0x614 - pdb path: .;C:\Program Files\Amazon Corretto\jdk11.0.5_10\bin;C:\WINDOWS\SYSTEM32;C:\WINDOWS\WinSxS\amd64_microsoft.windows.common-controls_6595b64144ccf1df_6.0.18362.836_none_e6c4b943130f18ed;C:\Program Files\Amazon Corretto\jdk11.0.5_10\bin\server

VM Arguments:
jvm_args: -Dfile.encoding=Cp1252 
java_command: com.mycodefu.unsafe.tests.UnsafeTests
java_class_path (initial): C:\Users\JettT\OneDrive\eclipse-code\unsafe-tests\target\classes
Launcher Type: SUN_STANDARD

[Global flags]
     intx CICompilerCount                          = 4                                         {product} {ergonomic}
     uint ConcGCThreads                            = 2                                         {product} {ergonomic}
     uint G1ConcRefinementThreads                  = 8                                         {product} {ergonomic}
   size_t G1HeapRegionSize                         = 1048576                                   {product} {ergonomic}
    uintx GCDrainStackTargetSize                   = 64                                        {product} {ergonomic}
   size_t InitialHeapSize                          = 132120576                                 {product} {ergonomic}
   size_t MarkStackSize                            = 4194304                                   {product} {ergonomic}
   size_t MaxHeapSize                              = 2105540608                                {product} {ergonomic}
   size_t MaxNewSize                               = 1262485504                                {product} {ergonomic}
   size_t MinHeapDeltaBytes                        = 1048576                                   {product} {ergonomic}
    uintx NonNMethodCodeHeapSize                   = 5836300                                {pd product} {ergonomic}
    uintx NonProfiledCodeHeapSize                  = 122910970                              {pd product} {ergonomic}
    uintx ProfiledCodeHeapSize                     = 122910970                              {pd product} {ergonomic}
    uintx ReservedCodeCacheSize                    = 251658240                              {pd product} {ergonomic}
     bool SegmentedCodeCache                       = true                                      {product} {ergonomic}
     bool UseCompressedClassPointers               = true                                 {lp64_product} {ergonomic}
     bool UseCompressedOops                        = true                                 {lp64_product} {ergonomic}
     bool UseG1GC                                  = true                                      {product} {ergonomic}
     bool UseLargePagesIndividualAllocation        = false                                  {pd product} {ergonomic}

Logging:
Log output configuration:
 #0: stdout all=warning uptime,level,tags
 #1: stderr all=off uptime,level,tags

Environment Variables:
JAVA_HOME=C:\Program Files\Amazon Corretto\jdk11.0.5_10
JRE_HOME=C:\Program Files (x86)\Java\jre1.8.0_181
PATH=C:/Program Files/Amazon Corretto/jdk11.0.5_10/bin/server;C:/Program Files/Amazon Corretto/jdk11.0.5_10/bin;C:\Program Files\Amazon Corretto\jdk11.0.5_10\bin;C:\WINDOWS\system32;C:\WINDOWS;C:\WINDOWS\System32\Wbem;C:\WINDOWS\System32\WindowsPowerShell\v1.0\;C:\Program Files (x86)\Java\jre1.8.0_181\bin;C:\WINDOWS\System32\OpenSSH\;C:\Go\bin;C:\Program Files\nodejs\;C:\Program Files (x86)\Intel\Intel(R) Management Engine Components\DAL;C:\Program Files\Intel\Intel(R) Management Engine Components\DAL;C:\ProgramData\chocolatey\bin;C:\Users\JettT\tools\apache-maven-3.6.2\apache-maven-3.6.2\bin;C:\Program Files (x86)\WiX Toolset v3.11\\bin;C:\ProgramData\chocolatey\lib\maven\apache-maven-3.6.2\bin;C:\Program Files\Git\cmd;C:\Program Files\GraalVM\graalvm-ce-java11-20.0.0\bin;C:\ProgramData\chocolatey\lib\maven\apache-maven-3.6.3\bin;C:\Users\JettT\AppData\Local\Microsoft\WindowsApps;C:\Program Files\JetBrains\IntelliJ IDEA Community Edition 2018.3.4\bin;;C:\Users\JettT\go\bin;C:\Users\JettT\AppData\Roaming\npm;C:\Users\JettT\AppData\Local\Programs\Microsoft VS Code\bin;C:\Program Files (x86)\Microsoft Visual Studio\2019\BuildTools\VC\Tools\MSVC\14.25.28610\bin\Hostx64\x64;C:\Users\JettT\tools\apache-maven-3.6.2\apache-maven-3.6.2\bin\mvn.cmd;;C:\eclipse\eclipse;
USERNAME=JettT
OS=Windows_NT
PROCESSOR_IDENTIFIER=Intel64 Family 6 Model 142 Stepping 10, GenuineIntel



---------------  S Y S T E M  ---------------

OS: Windows 10 , 64 bit Build 18362 (10.0.18362.778)

CPU:total 8 (initial active 8) (4 cores per cpu, 2 threads per core) family 6 model 142 stepping 10, cmov, cx8, fxsr, mmx, sse, sse2, sse3, ssse3, sse4.1, sse4.2, popcnt, avx, avx2, aes, clmul, erms, 3dnowpref, lzcnt, ht, tsc, tscinvbit, bmi1, bmi2, adx, fma

Memory: 4k page, system-wide physical 8025M (3031M free)
TotalPageFile size 12889M (AvailPageFile size 5542M)
current process WorkingSet (physical memory assigned to process): 30M, peak: 30M
current process commit charge ("private bytes"): 201M, peak: 201M

vm_info: OpenJDK 64-Bit Server VM (11.0.5+10-LTS) for windows-amd64 JRE (11.0.5+10-LTS), built on Oct 12 2019 22:26:57 by "Administrator" with unknown MS VC++:1916

END.
