#
# A fatal error has been detected by the Java Runtime Environment:
#
#  EXCEPTION_ACCESS_VIOLATION (0xc0000005) at pc=0x00007ffbf78a4052, pid=20424, tid=19840
#
# JRE version: OpenJDK Runtime Environment (11.0.5+10) (build 11.0.5+10-LTS)
# Java VM: OpenJDK 64-Bit Server VM (11.0.5+10-LTS, mixed mode, tiered, compressed oops, g1 gc, windows-amd64)
# Problematic frame:
# V  [jvm.dll+0x6a4052]
#
# No core dump will be written. Minidumps are not enabled by default on client versions of Windows
#
# If you would like to submit a bug report, please visit:
#   http://bugreport.java.com/bugreport/crash.jsp
#

---------------  S U M M A R Y ------------

Command Line: -Dfile.encoding=Cp1252 com.mycodefu.unsafe.tests.UnsafeTests

Host: Intel(R) Core(TM) i5-8250U CPU @ 1.60GHz, 8 cores, 7G,  Windows 10 , 64 bit Build 18362 (10.0.18362.778)
Time: Tue Jun  2 19:50:53 2020 AUS Eastern Standard Time elapsed time: 0 seconds (0d 0h 0m 0s)

---------------  T H R E A D  ---------------

Current thread (0x0000013d6f99c000):  JavaThread "main" [_thread_in_vm, id=19840, stack(0x00000020e5b00000,0x00000020e5c00000)]

Stack: [0x00000020e5b00000,0x00000020e5c00000],  sp=0x00000020e5bff110,  free space=1020k
Native frames: (J=compiled Java code, j=interpreted, Vv=VM code, C=native code)
V  [jvm.dll+0x6a4052]
V  [jvm.dll+0x6a2ed7]
V  [jvm.dll+0x3e2f3f]
C  0x0000013d07ad2fc0

Java frames: (J=compiled Java code, j=interpreted, Vv=VM code)
J 62  java.lang.Object.hashCode()I java.base@11.0.5 (0 bytes) @ 0x0000013d07ad2f28 [0x0000013d07ad2ec0+0x0000000000000068]
j  java.lang.Object.toString()Ljava/lang/String;+23 java.base@11.0.5
j  java.lang.String.valueOf(Ljava/lang/Object;)Ljava/lang/String;+10 java.base@11.0.5
j  java.lang.StringBuilder.append(Ljava/lang/Object;)Ljava/lang/StringBuilder;+2 java.base@11.0.5
j  java.util.AbstractCollection.toString()Ljava/lang/String;+51 java.base@11.0.5
j  java.lang.String.valueOf(Ljava/lang/Object;)Ljava/lang/String;+10 java.base@11.0.5
j  java.io.PrintStream.println(Ljava/lang/Object;)V+1 java.base@11.0.5
j  com.mycodefu.unsafe.tests.UnsafeTests.main([Ljava/lang/String;)V+75
v  ~StubRoutines::call_stub

siginfo: EXCEPTION_ACCESS_VIOLATION (0xc0000005), reading address 0xffffffffffffffff


Register to memory mapping:

RIP=0x00007ffbf78a4052 jvm.dll
RAX=0x8000000000000000 is an unknown value
RBX=0x0000013d7f7c0e80 points into unknown readable memory: 00 00 00 00 00 00 00 00
RCX=0x0 is NULL
RDX=0x000000008a439588 is an oop: [B 
{0x000000008a439588} - klass: {type array byte}
 - length: 16
RSP=0x00000020e5bff110 is pointing into the stack for thread: 0x0000013d6f99c000
RBP=0x0000013d6f99c000 is a thread
RSI=0x000000008a439588 is an oop: [B 
{0x000000008a439588} - klass: {type array byte}
 - length: 16
RDI=0x8000000000000000 is an unknown value
R8 =0x8000000000000000 is an unknown value
R9 =0x00007ffc27c90000 VCRUNTIME140.dll
R10=0x00007ffc27c35d9d java.dll
R11=0x0000013d07ad2ed8 is at entry_point+24 in (nmethod*)0x0000013d07ad2d10
R12=0x0 is NULL
R13=0x00000020e5bff288 is pointing into the stack for thread: 0x0000013d6f99c000
R14=0x0000000000000004 is an unknown value
R15=0x0 is NULL


Registers:
RAX=0x8000000000000000, RBX=0x0000013d7f7c0e80, RCX=0x0000000000000000, RDX=0x000000008a439588
RSP=0x00000020e5bff110, RBP=0x0000013d6f99c000, RSI=0x000000008a439588, RDI=0x8000000000000000
R8 =0x8000000000000000, R9 =0x00007ffc27c90000, R10=0x00007ffc27c35d9d, R11=0x0000013d07ad2ed8
R12=0x0000000000000000, R13=0x00000020e5bff288, R14=0x0000000000000004, R15=0x0000000000000000
RIP=0x00007ffbf78a4052, EFLAGS=0x0000000000010286

Top of Stack: (sp=0x00000020e5bff110)
0x00000020e5bff110:   000000008a439588 0000000000000004
0x00000020e5bff120:   0000000000000000 0000013d00009e03
0x00000020e5bff130:   0000000000000000 0000000000000000
0x00000020e5bff140:   000000008a43a200 000000008a54ff80
0x00000020e5bff150:   00000020e5bff150 0000013d7f886831
0x00000020e5bff160:   0000013d6f99c000 0000013d6f99c000
0x00000020e5bff170:   0000000000000000 000000008a439588
0x00000020e5bff180:   0000007fffffff00 00007ffbf78a2ed7
0x00000020e5bff190:   8000000000000000 0000000000000000
0x00000020e5bff1a0:   0000013d00000004 00000020e5bff288
0x00000020e5bff1b0:   0000000000000000 0000000000000000
0x00000020e5bff1c0:   0000013d6f99c000 00007ffbf75e2f3f
0x00000020e5bff1d0:   0000013d6f99c000 0000013d6f99c000
0x00000020e5bff1e0:   00000020e5bff230 000000008a5034f8
0x00000020e5bff1f0:   0000000000000000 0000000000000002
0x00000020e5bff200:   0000000000000001 0000013d07ad2fc0 

Instructions: (pc=0x00007ffbf78a4052)
0x00007ffbf78a3f52:   89 b8 a8 00 00 00 4c 89 b8 98 00 00 00 4c 89 b8
0x00007ffbf78a3f62:   a0 00 00 00 4c 89 b8 c8 00 00 00 4c 89 b8 90 00
0x00007ffbf78a3f72:   00 00 40 f6 c7 03 75 41 4c 89 b8 b0 00 00 00 33
0x00007ffbf78a3f82:   c9 4c 89 b8 90 00 00 00 8b 05 dc e0 2f 00 89 83
0x00007ffbf78a3f92:   bc 00 00 00 48 8b 05 43 ed 2f 00 ff d0 48 3b c7
0x00007ffbf78a3fa2:   0f 84 a3 00 00 00 41 b0 01 48 8b d3 48 8b cd e8
0x00007ffbf78a3fb2:   1a 0e 00 00 e9 65 ff ff ff 48 89 38 48 8b cb 4c
0x00007ffbf78a3fc2:   89 b8 80 00 00 00 48 83 c9 02 4c 89 b8 90 00 00
0x00007ffbf78a3fd2:   00 48 89 70 08 4c 89 b8 90 00 00 00 4c 89 b8 b0
0x00007ffbf78a3fe2:   00 00 00 8b 05 81 e0 2f 00 89 83 bc 00 00 00 48
0x00007ffbf78a3ff2:   8b 05 e8 ec 2f 00 ff d0 48 3b c7 0f 84 1c 02 00
0x00007ffbf78a4002:   00 4c 89 7b 08 41 b0 01 4c 89 bb 80 00 00 00 48
0x00007ffbf78a4012:   8b d3 4c 89 bb 90 00 00 00 48 8b cd 4c 89 bb a8
0x00007ffbf78a4022:   00 00 00 4c 89 bb 98 00 00 00 4c 89 bb a0 00 00
0x00007ffbf78a4032:   00 4c 89 bb c8 00 00 00 4c 89 bb 90 00 00 00 e8
0x00007ffbf78a4042:   8a 0d 00 00 e9 d5 fe ff ff 48 8b c7 48 83 e0 fd
0x00007ffbf78a4052:   48 8b 00 48 89 03 48 89 bb 80 00 00 00 4c 89 bb
0x00007ffbf78a4062:   90 00 00 00 48 89 73 08 48 8b 06 48 85 c0 74 24
0x00007ffbf78a4072:   4c 8d 0d 37 41 13 00 ba e8 05 00 00 4c 8d 05 63
0x00007ffbf78a4082:   d1 1c 00 48 8d 0d b4 ce 1c 00 e8 bf b4 b9 ff e8
0x00007ffbf78a4092:   da df f2 ff 48 8b c3 48 83 c8 02 48 89 06 4c 39
0x00007ffbf78a40a2:   3d d9 c6 35 00 74 19 0f b6 05 c0 03 36 00 84 c0
0x00007ffbf78a40b2:   74 0e 48 8b 05 c5 c6 35 00 48 8b 48 28 48 ff 01
0x00007ffbf78a40c2:   4c 39 3d 4f 60 36 00 8b 0d 49 09 30 00 4c 8b 15
0x00007ffbf78a40d2:   3a 09 30 00 44 0f b6 0d 53 90 34 00 0f 84 cf 00
0x00007ffbf78a40e2:   00 00 45 84 c9 74 0f 44 8b 5e 08 41 8b c3 48 d3
0x00007ffbf78a40f2:   e0 49 03 c2 eb 07 48 8b 46 08 44 8b d8 44 39 78
0x00007ffbf78a4102:   08 0f 8e aa 00 00 00 44 8b 05 cc 4d 38 00 65 48
0x00007ffbf78a4112:   8b 04 25 58 00 00 00 ba 08 00 00 00 4a 8b 04 c0
0x00007ffbf78a4122:   48 8b 14 10 48 8b aa 70 02 00 00 4c 8b 75 10 4c
0x00007ffbf78a4132:   8b 7d 18 4c 8b 65 20 4c 8b 6d 28 45 84 c9 74 0b
0x00007ffbf78a4142:   41 8b c3 48 d3 e0 49 03 c2 eb 04 48 8b 46 08 48 


Stack slot to memory mapping:
stack at sp + 0 slots: 0x000000008a439588 is an oop: [B 
{0x000000008a439588} - klass: {type array byte}
 - length: 16
stack at sp + 1 slots: 0x0000000000000004 is an unknown value
stack at sp + 2 slots: 0x0 is NULL
stack at sp + 3 slots: 0x0000013d00009e03 is at code_begin+2307 in an Interpreter codelet
invoke return entry points  [0x0000013d00009500, 0x0000013d00009ee0]  2528 bytes
stack at sp + 4 slots: 0x0 is NULL
stack at sp + 5 slots: 0x0 is NULL
stack at sp + 6 slots: 0x000000008a43a200 is an oop: [B 
{0x000000008a43a200} - klass: {type array byte}
 - length: 16
stack at sp + 7 slots: 0x000000008a54ff80 is an oop: java.lang.String 
{0x000000008a54ff80} - klass: 'java/lang/String'


---------------  P R O C E S S  ---------------

Threads class SMR info:
_java_thread_list=0x0000013d112dd7c0, length=10, elements={
0x0000013d6f99c000, 0x0000013d7f7b8000, 0x0000013d7f7c1800, 0x0000013d7f7d2000,
0x0000013d7f7d3000, 0x0000013d7f7d5000, 0x0000013d11100800, 0x0000013d1115c000,
0x0000013d112d5000, 0x0000013d112de000
}

Java Threads: ( => current thread )
=>0x0000013d6f99c000 JavaThread "main" [_thread_in_vm, id=19840, stack(0x00000020e5b00000,0x00000020e5c00000)]
  0x0000013d7f7b8000 JavaThread "Reference Handler" daemon [_thread_blocked, id=37760, stack(0x00000020e6200000,0x00000020e6300000)]
  0x0000013d7f7c1800 JavaThread "Finalizer" daemon [_thread_blocked, id=25308, stack(0x00000020e6300000,0x00000020e6400000)]
  0x0000013d7f7d2000 JavaThread "Signal Dispatcher" daemon [_thread_blocked, id=19756, stack(0x00000020e6400000,0x00000020e6500000)]
  0x0000013d7f7d3000 JavaThread "Attach Listener" daemon [_thread_blocked, id=23276, stack(0x00000020e6500000,0x00000020e6600000)]
  0x0000013d7f7d5000 JavaThread "C2 CompilerThread0" daemon [_thread_blocked, id=19916, stack(0x00000020e6600000,0x00000020e6700000)]
  0x0000013d11100800 JavaThread "C1 CompilerThread0" daemon [_thread_blocked, id=19936, stack(0x00000020e6700000,0x00000020e6800000)]
  0x0000013d1115c000 JavaThread "Sweeper thread" daemon [_thread_blocked, id=20072, stack(0x00000020e6800000,0x00000020e6900000)]
  0x0000013d112d5000 JavaThread "Service Thread" daemon [_thread_blocked, id=24864, stack(0x00000020e6900000,0x00000020e6a00000)]
  0x0000013d112de000 JavaThread "Common-Cleaner" daemon [_thread_blocked, id=25244, stack(0x00000020e6b00000,0x00000020e6c00000)]

Other Threads:
  0x0000013d7f797000 VMThread "VM Thread" [stack: 0x00000020e6100000,0x00000020e6200000] [id=20404]
  0x0000013d112d8000 WatcherThread [stack: 0x00000020e6a00000,0x00000020e6b00000] [id=25368]
  0x0000013d71995800 GCTaskThread "GC Thread#0" [stack: 0x00000020e5c00000,0x00000020e5d00000] [id=23260]
  0x0000013d719c6800 ConcurrentGCThread "G1 Main Marker" [stack: 0x00000020e5d00000,0x00000020e5e00000] [id=21044]
  0x0000013d719c9000 ConcurrentGCThread "G1 Conc#0" [stack: 0x00000020e5e00000,0x00000020e5f00000] [id=25320]
  0x0000013d7f601800 ConcurrentGCThread "G1 Refine#0" [stack: 0x00000020e5f00000,0x00000020e6000000] [id=25256]
  0x0000013d7f602000 ConcurrentGCThread "G1 Young RemSet Sampling" [stack: 0x00000020e6000000,0x00000020e6100000] [id=25288]

Threads with active compile tasks:

VM state:not at safepoint (normal execution)

VM Mutex/Monitor currently owned by a thread: None

Heap address: 0x0000000082800000, size: 2008 MB, Compressed Oops mode: 32-bit
Narrow klass base: 0x0000000000000000, Narrow klass shift: 3
Compressed class space size: 1073741824 Address: 0x0000000100000000

Heap:
 garbage-first heap   total 129024K, used 1024K [0x0000000082800000, 0x0000000100000000)
  region size 1024K, 2 young (2048K), 0 survivors (0K)
 Metaspace       used 4384K, capacity 4489K, committed 4864K, reserved 1056768K
  class space    used 360K, capacity 387K, committed 512K, reserved 1048576K
Heap Regions: E=young(eden), S=young(survivor), O=old, HS=humongous(starts), HC=humongous(continues), CS=collection set, F=free, A=archive, TAMS=top-at-mark-start (previous, next)
|   0|0x0000000082800000, 0x0000000082800000, 0x0000000082900000|  0%| F|  |TAMS 0x0000000082800000, 0x0000000082800000| Untracked 
|   1|0x0000000082900000, 0x0000000082900000, 0x0000000082a00000|  0%| F|  |TAMS 0x0000000082900000, 0x0000000082900000| Untracked 
|   2|0x0000000082a00000, 0x0000000082a00000, 0x0000000082b00000|  0%| F|  |TAMS 0x0000000082a00000, 0x0000000082a00000| Untracked 
|   3|0x0000000082b00000, 0x0000000082b00000, 0x0000000082c00000|  0%| F|  |TAMS 0x0000000082b00000, 0x0000000082b00000| Untracked 
|   4|0x0000000082c00000, 0x0000000082c00000, 0x0000000082d00000|  0%| F|  |TAMS 0x0000000082c00000, 0x0000000082c00000| Untracked 
|   5|0x0000000082d00000, 0x0000000082d00000, 0x0000000082e00000|  0%| F|  |TAMS 0x0000000082d00000, 0x0000000082d00000| Untracked 
|   6|0x0000000082e00000, 0x0000000082e00000, 0x0000000082f00000|  0%| F|  |TAMS 0x0000000082e00000, 0x0000000082e00000| Untracked 
|   7|0x0000000082f00000, 0x0000000082f00000, 0x0000000083000000|  0%| F|  |TAMS 0x0000000082f00000, 0x0000000082f00000| Untracked 
|   8|0x0000000083000000, 0x0000000083000000, 0x0000000083100000|  0%| F|  |TAMS 0x0000000083000000, 0x0000000083000000| Untracked 
|   9|0x0000000083100000, 0x0000000083100000, 0x0000000083200000|  0%| F|  |TAMS 0x0000000083100000, 0x0000000083100000| Untracked 
|  10|0x0000000083200000, 0x0000000083200000, 0x0000000083300000|  0%| F|  |TAMS 0x0000000083200000, 0x0000000083200000| Untracked 
|  11|0x0000000083300000, 0x0000000083300000, 0x0000000083400000|  0%| F|  |TAMS 0x0000000083300000, 0x0000000083300000| Untracked 
|  12|0x0000000083400000, 0x0000000083400000, 0x0000000083500000|  0%| F|  |TAMS 0x0000000083400000, 0x0000000083400000| Untracked 
|  13|0x0000000083500000, 0x0000000083500000, 0x0000000083600000|  0%| F|  |TAMS 0x0000000083500000, 0x0000000083500000| Untracked 
|  14|0x0000000083600000, 0x0000000083600000, 0x0000000083700000|  0%| F|  |TAMS 0x0000000083600000, 0x0000000083600000| Untracked 
|  15|0x0000000083700000, 0x0000000083700000, 0x0000000083800000|  0%| F|  |TAMS 0x0000000083700000, 0x0000000083700000| Untracked 
|  16|0x0000000083800000, 0x0000000083800000, 0x0000000083900000|  0%| F|  |TAMS 0x0000000083800000, 0x0000000083800000| Untracked 
|  17|0x0000000083900000, 0x0000000083900000, 0x0000000083a00000|  0%| F|  |TAMS 0x0000000083900000, 0x0000000083900000| Untracked 
|  18|0x0000000083a00000, 0x0000000083a00000, 0x0000000083b00000|  0%| F|  |TAMS 0x0000000083a00000, 0x0000000083a00000| Untracked 
|  19|0x0000000083b00000, 0x0000000083b00000, 0x0000000083c00000|  0%| F|  |TAMS 0x0000000083b00000, 0x0000000083b00000| Untracked 
|  20|0x0000000083c00000, 0x0000000083c00000, 0x0000000083d00000|  0%| F|  |TAMS 0x0000000083c00000, 0x0000000083c00000| Untracked 
|  21|0x0000000083d00000, 0x0000000083d00000, 0x0000000083e00000|  0%| F|  |TAMS 0x0000000083d00000, 0x0000000083d00000| Untracked 
|  22|0x0000000083e00000, 0x0000000083e00000, 0x0000000083f00000|  0%| F|  |TAMS 0x0000000083e00000, 0x0000000083e00000| Untracked 
|  23|0x0000000083f00000, 0x0000000083f00000, 0x0000000084000000|  0%| F|  |TAMS 0x0000000083f00000, 0x0000000083f00000| Untracked 
|  24|0x0000000084000000, 0x0000000084000000, 0x0000000084100000|  0%| F|  |TAMS 0x0000000084000000, 0x0000000084000000| Untracked 
|  25|0x0000000084100000, 0x0000000084100000, 0x0000000084200000|  0%| F|  |TAMS 0x0000000084100000, 0x0000000084100000| Untracked 
|  26|0x0000000084200000, 0x0000000084200000, 0x0000000084300000|  0%| F|  |TAMS 0x0000000084200000, 0x0000000084200000| Untracked 
|  27|0x0000000084300000, 0x0000000084300000, 0x0000000084400000|  0%| F|  |TAMS 0x0000000084300000, 0x0000000084300000| Untracked 
|  28|0x0000000084400000, 0x0000000084400000, 0x0000000084500000|  0%| F|  |TAMS 0x0000000084400000, 0x0000000084400000| Untracked 
|  29|0x0000000084500000, 0x0000000084500000, 0x0000000084600000|  0%| F|  |TAMS 0x0000000084500000, 0x0000000084500000| Untracked 
|  30|0x0000000084600000, 0x0000000084600000, 0x0000000084700000|  0%| F|  |TAMS 0x0000000084600000, 0x0000000084600000| Untracked 
|  31|0x0000000084700000, 0x0000000084700000, 0x0000000084800000|  0%| F|  |TAMS 0x0000000084700000, 0x0000000084700000| Untracked 
|  32|0x0000000084800000, 0x0000000084800000, 0x0000000084900000|  0%| F|  |TAMS 0x0000000084800000, 0x0000000084800000| Untracked 
|  33|0x0000000084900000, 0x0000000084900000, 0x0000000084a00000|  0%| F|  |TAMS 0x0000000084900000, 0x0000000084900000| Untracked 
|  34|0x0000000084a00000, 0x0000000084a00000, 0x0000000084b00000|  0%| F|  |TAMS 0x0000000084a00000, 0x0000000084a00000| Untracked 
|  35|0x0000000084b00000, 0x0000000084b00000, 0x0000000084c00000|  0%| F|  |TAMS 0x0000000084b00000, 0x0000000084b00000| Untracked 
|  36|0x0000000084c00000, 0x0000000084c00000, 0x0000000084d00000|  0%| F|  |TAMS 0x0000000084c00000, 0x0000000084c00000| Untracked 
|  37|0x0000000084d00000, 0x0000000084d00000, 0x0000000084e00000|  0%| F|  |TAMS 0x0000000084d00000, 0x0000000084d00000| Untracked 
|  38|0x0000000084e00000, 0x0000000084e00000, 0x0000000084f00000|  0%| F|  |TAMS 0x0000000084e00000, 0x0000000084e00000| Untracked 
|  39|0x0000000084f00000, 0x0000000084f00000, 0x0000000085000000|  0%| F|  |TAMS 0x0000000084f00000, 0x0000000084f00000| Untracked 
|  40|0x0000000085000000, 0x0000000085000000, 0x0000000085100000|  0%| F|  |TAMS 0x0000000085000000, 0x0000000085000000| Untracked 
|  41|0x0000000085100000, 0x0000000085100000, 0x0000000085200000|  0%| F|  |TAMS 0x0000000085100000, 0x0000000085100000| Untracked 
|  42|0x0000000085200000, 0x0000000085200000, 0x0000000085300000|  0%| F|  |TAMS 0x0000000085200000, 0x0000000085200000| Untracked 
|  43|0x0000000085300000, 0x0000000085300000, 0x0000000085400000|  0%| F|  |TAMS 0x0000000085300000, 0x0000000085300000| Untracked 
|  44|0x0000000085400000, 0x0000000085400000, 0x0000000085500000|  0%| F|  |TAMS 0x0000000085400000, 0x0000000085400000| Untracked 
|  45|0x0000000085500000, 0x0000000085500000, 0x0000000085600000|  0%| F|  |TAMS 0x0000000085500000, 0x0000000085500000| Untracked 
|  46|0x0000000085600000, 0x0000000085600000, 0x0000000085700000|  0%| F|  |TAMS 0x0000000085600000, 0x0000000085600000| Untracked 
|  47|0x0000000085700000, 0x0000000085700000, 0x0000000085800000|  0%| F|  |TAMS 0x0000000085700000, 0x0000000085700000| Untracked 
|  48|0x0000000085800000, 0x0000000085800000, 0x0000000085900000|  0%| F|  |TAMS 0x0000000085800000, 0x0000000085800000| Untracked 
|  49|0x0000000085900000, 0x0000000085900000, 0x0000000085a00000|  0%| F|  |TAMS 0x0000000085900000, 0x0000000085900000| Untracked 
|  50|0x0000000085a00000, 0x0000000085a00000, 0x0000000085b00000|  0%| F|  |TAMS 0x0000000085a00000, 0x0000000085a00000| Untracked 
|  51|0x0000000085b00000, 0x0000000085b00000, 0x0000000085c00000|  0%| F|  |TAMS 0x0000000085b00000, 0x0000000085b00000| Untracked 
|  52|0x0000000085c00000, 0x0000000085c00000, 0x0000000085d00000|  0%| F|  |TAMS 0x0000000085c00000, 0x0000000085c00000| Untracked 
|  53|0x0000000085d00000, 0x0000000085d00000, 0x0000000085e00000|  0%| F|  |TAMS 0x0000000085d00000, 0x0000000085d00000| Untracked 
|  54|0x0000000085e00000, 0x0000000085e00000, 0x0000000085f00000|  0%| F|  |TAMS 0x0000000085e00000, 0x0000000085e00000| Untracked 
|  55|0x0000000085f00000, 0x0000000085f00000, 0x0000000086000000|  0%| F|  |TAMS 0x0000000085f00000, 0x0000000085f00000| Untracked 
|  56|0x0000000086000000, 0x0000000086000000, 0x0000000086100000|  0%| F|  |TAMS 0x0000000086000000, 0x0000000086000000| Untracked 
|  57|0x0000000086100000, 0x0000000086100000, 0x0000000086200000|  0%| F|  |TAMS 0x0000000086100000, 0x0000000086100000| Untracked 
|  58|0x0000000086200000, 0x0000000086200000, 0x0000000086300000|  0%| F|  |TAMS 0x0000000086200000, 0x0000000086200000| Untracked 
|  59|0x0000000086300000, 0x0000000086300000, 0x0000000086400000|  0%| F|  |TAMS 0x0000000086300000, 0x0000000086300000| Untracked 
|  60|0x0000000086400000, 0x0000000086400000, 0x0000000086500000|  0%| F|  |TAMS 0x0000000086400000, 0x0000000086400000| Untracked 
|  61|0x0000000086500000, 0x0000000086500000, 0x0000000086600000|  0%| F|  |TAMS 0x0000000086500000, 0x0000000086500000| Untracked 
|  62|0x0000000086600000, 0x0000000086600000, 0x0000000086700000|  0%| F|  |TAMS 0x0000000086600000, 0x0000000086600000| Untracked 
|  63|0x0000000086700000, 0x0000000086700000, 0x0000000086800000|  0%| F|  |TAMS 0x0000000086700000, 0x0000000086700000| Untracked 
|  64|0x0000000086800000, 0x0000000086800000, 0x0000000086900000|  0%| F|  |TAMS 0x0000000086800000, 0x0000000086800000| Untracked 
|  65|0x0000000086900000, 0x0000000086900000, 0x0000000086a00000|  0%| F|  |TAMS 0x0000000086900000, 0x0000000086900000| Untracked 
|  66|0x0000000086a00000, 0x0000000086a00000, 0x0000000086b00000|  0%| F|  |TAMS 0x0000000086a00000, 0x0000000086a00000| Untracked 
|  67|0x0000000086b00000, 0x0000000086b00000, 0x0000000086c00000|  0%| F|  |TAMS 0x0000000086b00000, 0x0000000086b00000| Untracked 
|  68|0x0000000086c00000, 0x0000000086c00000, 0x0000000086d00000|  0%| F|  |TAMS 0x0000000086c00000, 0x0000000086c00000| Untracked 
|  69|0x0000000086d00000, 0x0000000086d00000, 0x0000000086e00000|  0%| F|  |TAMS 0x0000000086d00000, 0x0000000086d00000| Untracked 
|  70|0x0000000086e00000, 0x0000000086e00000, 0x0000000086f00000|  0%| F|  |TAMS 0x0000000086e00000, 0x0000000086e00000| Untracked 
|  71|0x0000000086f00000, 0x0000000086f00000, 0x0000000087000000|  0%| F|  |TAMS 0x0000000086f00000, 0x0000000086f00000| Untracked 
|  72|0x0000000087000000, 0x0000000087000000, 0x0000000087100000|  0%| F|  |TAMS 0x0000000087000000, 0x0000000087000000| Untracked 
|  73|0x0000000087100000, 0x0000000087100000, 0x0000000087200000|  0%| F|  |TAMS 0x0000000087100000, 0x0000000087100000| Untracked 
|  74|0x0000000087200000, 0x0000000087200000, 0x0000000087300000|  0%| F|  |TAMS 0x0000000087200000, 0x0000000087200000| Untracked 
|  75|0x0000000087300000, 0x0000000087300000, 0x0000000087400000|  0%| F|  |TAMS 0x0000000087300000, 0x0000000087300000| Untracked 
|  76|0x0000000087400000, 0x0000000087400000, 0x0000000087500000|  0%| F|  |TAMS 0x0000000087400000, 0x0000000087400000| Untracked 
|  77|0x0000000087500000, 0x0000000087500000, 0x0000000087600000|  0%| F|  |TAMS 0x0000000087500000, 0x0000000087500000| Untracked 
|  78|0x0000000087600000, 0x0000000087600000, 0x0000000087700000|  0%| F|  |TAMS 0x0000000087600000, 0x0000000087600000| Untracked 
|  79|0x0000000087700000, 0x0000000087700000, 0x0000000087800000|  0%| F|  |TAMS 0x0000000087700000, 0x0000000087700000| Untracked 
|  80|0x0000000087800000, 0x0000000087800000, 0x0000000087900000|  0%| F|  |TAMS 0x0000000087800000, 0x0000000087800000| Untracked 
|  81|0x0000000087900000, 0x0000000087900000, 0x0000000087a00000|  0%| F|  |TAMS 0x0000000087900000, 0x0000000087900000| Untracked 
|  82|0x0000000087a00000, 0x0000000087a00000, 0x0000000087b00000|  0%| F|  |TAMS 0x0000000087a00000, 0x0000000087a00000| Untracked 
|  83|0x0000000087b00000, 0x0000000087b00000, 0x0000000087c00000|  0%| F|  |TAMS 0x0000000087b00000, 0x0000000087b00000| Untracked 
|  84|0x0000000087c00000, 0x0000000087c00000, 0x0000000087d00000|  0%| F|  |TAMS 0x0000000087c00000, 0x0000000087c00000| Untracked 
|  85|0x0000000087d00000, 0x0000000087d00000, 0x0000000087e00000|  0%| F|  |TAMS 0x0000000087d00000, 0x0000000087d00000| Untracked 
|  86|0x0000000087e00000, 0x0000000087e00000, 0x0000000087f00000|  0%| F|  |TAMS 0x0000000087e00000, 0x0000000087e00000| Untracked 
|  87|0x0000000087f00000, 0x0000000087f00000, 0x0000000088000000|  0%| F|  |TAMS 0x0000000087f00000, 0x0000000087f00000| Untracked 
|  88|0x0000000088000000, 0x0000000088000000, 0x0000000088100000|  0%| F|  |TAMS 0x0000000088000000, 0x0000000088000000| Untracked 
|  89|0x0000000088100000, 0x0000000088100000, 0x0000000088200000|  0%| F|  |TAMS 0x0000000088100000, 0x0000000088100000| Untracked 
|  90|0x0000000088200000, 0x0000000088200000, 0x0000000088300000|  0%| F|  |TAMS 0x0000000088200000, 0x0000000088200000| Untracked 
|  91|0x0000000088300000, 0x0000000088300000, 0x0000000088400000|  0%| F|  |TAMS 0x0000000088300000, 0x0000000088300000| Untracked 
|  92|0x0000000088400000, 0x0000000088400000, 0x0000000088500000|  0%| F|  |TAMS 0x0000000088400000, 0x0000000088400000| Untracked 
|  93|0x0000000088500000, 0x0000000088500000, 0x0000000088600000|  0%| F|  |TAMS 0x0000000088500000, 0x0000000088500000| Untracked 
|  94|0x0000000088600000, 0x0000000088600000, 0x0000000088700000|  0%| F|  |TAMS 0x0000000088600000, 0x0000000088600000| Untracked 
|  95|0x0000000088700000, 0x0000000088700000, 0x0000000088800000|  0%| F|  |TAMS 0x0000000088700000, 0x0000000088700000| Untracked 
|  96|0x0000000088800000, 0x0000000088800000, 0x0000000088900000|  0%| F|  |TAMS 0x0000000088800000, 0x0000000088800000| Untracked 
|  97|0x0000000088900000, 0x0000000088900000, 0x0000000088a00000|  0%| F|  |TAMS 0x0000000088900000, 0x0000000088900000| Untracked 
|  98|0x0000000088a00000, 0x0000000088a00000, 0x0000000088b00000|  0%| F|  |TAMS 0x0000000088a00000, 0x0000000088a00000| Untracked 
|  99|0x0000000088b00000, 0x0000000088b00000, 0x0000000088c00000|  0%| F|  |TAMS 0x0000000088b00000, 0x0000000088b00000| Untracked 
| 100|0x0000000088c00000, 0x0000000088c00000, 0x0000000088d00000|  0%| F|  |TAMS 0x0000000088c00000, 0x0000000088c00000| Untracked 
| 101|0x0000000088d00000, 0x0000000088d00000, 0x0000000088e00000|  0%| F|  |TAMS 0x0000000088d00000, 0x0000000088d00000| Untracked 
| 102|0x0000000088e00000, 0x0000000088e00000, 0x0000000088f00000|  0%| F|  |TAMS 0x0000000088e00000, 0x0000000088e00000| Untracked 
| 103|0x0000000088f00000, 0x0000000088f00000, 0x0000000089000000|  0%| F|  |TAMS 0x0000000088f00000, 0x0000000088f00000| Untracked 
| 104|0x0000000089000000, 0x0000000089000000, 0x0000000089100000|  0%| F|  |TAMS 0x0000000089000000, 0x0000000089000000| Untracked 
| 105|0x0000000089100000, 0x0000000089100000, 0x0000000089200000|  0%| F|  |TAMS 0x0000000089100000, 0x0000000089100000| Untracked 
| 106|0x0000000089200000, 0x0000000089200000, 0x0000000089300000|  0%| F|  |TAMS 0x0000000089200000, 0x0000000089200000| Untracked 
| 107|0x0000000089300000, 0x0000000089300000, 0x0000000089400000|  0%| F|  |TAMS 0x0000000089300000, 0x0000000089300000| Untracked 
| 108|0x0000000089400000, 0x0000000089400000, 0x0000000089500000|  0%| F|  |TAMS 0x0000000089400000, 0x0000000089400000| Untracked 
| 109|0x0000000089500000, 0x0000000089500000, 0x0000000089600000|  0%| F|  |TAMS 0x0000000089500000, 0x0000000089500000| Untracked 
| 110|0x0000000089600000, 0x0000000089600000, 0x0000000089700000|  0%| F|  |TAMS 0x0000000089600000, 0x0000000089600000| Untracked 
| 111|0x0000000089700000, 0x0000000089700000, 0x0000000089800000|  0%| F|  |TAMS 0x0000000089700000, 0x0000000089700000| Untracked 
| 112|0x0000000089800000, 0x0000000089800000, 0x0000000089900000|  0%| F|  |TAMS 0x0000000089800000, 0x0000000089800000| Untracked 
| 113|0x0000000089900000, 0x0000000089900000, 0x0000000089a00000|  0%| F|  |TAMS 0x0000000089900000, 0x0000000089900000| Untracked 
| 114|0x0000000089a00000, 0x0000000089a00000, 0x0000000089b00000|  0%| F|  |TAMS 0x0000000089a00000, 0x0000000089a00000| Untracked 
| 115|0x0000000089b00000, 0x0000000089b00000, 0x0000000089c00000|  0%| F|  |TAMS 0x0000000089b00000, 0x0000000089b00000| Untracked 
| 116|0x0000000089c00000, 0x0000000089c00000, 0x0000000089d00000|  0%| F|  |TAMS 0x0000000089c00000, 0x0000000089c00000| Untracked 
| 117|0x0000000089d00000, 0x0000000089d00000, 0x0000000089e00000|  0%| F|  |TAMS 0x0000000089d00000, 0x0000000089d00000| Untracked 
| 118|0x0000000089e00000, 0x0000000089e00000, 0x0000000089f00000|  0%| F|  |TAMS 0x0000000089e00000, 0x0000000089e00000| Untracked 
| 119|0x0000000089f00000, 0x0000000089f00000, 0x000000008a000000|  0%| F|  |TAMS 0x0000000089f00000, 0x0000000089f00000| Untracked 
| 120|0x000000008a000000, 0x000000008a000000, 0x000000008a100000|  0%| F|  |TAMS 0x000000008a000000, 0x000000008a000000| Untracked 
| 121|0x000000008a100000, 0x000000008a100000, 0x000000008a200000|  0%| F|  |TAMS 0x000000008a100000, 0x000000008a100000| Untracked 
| 122|0x000000008a200000, 0x000000008a200000, 0x000000008a300000|  0%| F|  |TAMS 0x000000008a200000, 0x000000008a200000| Untracked 
| 123|0x000000008a300000, 0x000000008a300000, 0x000000008a400000|  0%| F|  |TAMS 0x000000008a300000, 0x000000008a300000| Untracked 
| 124|0x000000008a400000, 0x000000008a47b640, 0x000000008a500000| 48%| E|  |TAMS 0x000000008a400000, 0x000000008a400000| Complete 
| 125|0x000000008a500000, 0x000000008a600000, 0x000000008a600000|100%| E|CS|TAMS 0x000000008a500000, 0x000000008a500000| Complete 

Card table byte_map: [0x0000013d7a6c0000,0x0000013d7aab0000] _byte_map_base: 0x0000013d7a2ac000

Marking Bits (Prev, Next): (CMBitMap*) 0x0000013d719bde38, (CMBitMap*) 0x0000013d719bde70
 Prev Bits: [0x0000013d7aea0000, 0x0000013d7ce00000)
 Next Bits: [0x0000013d7ce00000, 0x0000013d7ed60000)

Polling page: 0x0000013d71150000

Metaspace:

Usage:
  Non-class:      4.01 MB capacity,     3.93 MB ( 98%) used,    77.17 KB (  2%) free+waste,   256 bytes ( <1%) overhead. 
      Class:    387.00 KB capacity,   360.30 KB ( 93%) used,    26.52 KB (  7%) free+waste,   192 bytes ( <1%) overhead. 
       Both:      4.38 MB capacity,     4.28 MB ( 98%) used,   103.69 KB (  2%) free+waste,   448 bytes ( <1%) overhead. 

Virtual space:
  Non-class space:        8.00 MB reserved,       4.25 MB ( 53%) committed 
      Class space:        1.00 GB reserved,     512.00 KB ( <1%) committed 
             Both:        1.01 GB reserved,       4.75 MB ( <1%) committed 

Chunk freelists:
   Non-Class:  0 bytes
       Class:  0 bytes
        Both:  0 bytes

MaxMetaspaceSize: 17179869184.00 GB
CompressedClassSpaceSize: 1.00 GB

CodeHeap 'non-profiled nmethods': size=120000Kb used=26Kb max_used=26Kb free=119973Kb
 bounds [0x0000013d07ad0000, 0x0000013d07d40000, 0x0000013d0f000000]
CodeHeap 'profiled nmethods': size=120000Kb used=114Kb max_used=114Kb free=119885Kb
 bounds [0x0000013d005a0000, 0x0000013d00810000, 0x0000013d07ad0000]
CodeHeap 'non-nmethods': size=5760Kb used=1018Kb max_used=1018Kb free=4741Kb
 bounds [0x0000013d00000000, 0x0000013d00270000, 0x0000013d005a0000]
 total_blobs=684 nmethods=91 adapters=194
 compilation: enabled
              stopped_count=0, restarted_count=0
 full_count=0

Compilation events (20 events):
Event: 0.082 Thread 0x0000013d11100800 nmethod 75 0x0000013d07ad4b10 code [0x0000013d07ad4cc0, 0x0000013d07ad4dd8]
Event: 0.084 Thread 0x0000013d7f7d5000 nmethod 67 0x0000013d07ad4e90 code [0x0000013d07ad5020, 0x0000013d07ad5258]
Event: 0.084 Thread 0x0000013d7f7d5000   69       4       java.util.ImmutableCollections$SetN$SetNIterator::hasNext (13 bytes)
Event: 0.084 Thread 0x0000013d7f7d5000 nmethod 69 0x0000013d07ad5390 code [0x0000013d07ad5520, 0x0000013d07ad5598]
Event: 0.084 Thread 0x0000013d7f7d5000   76       4       java.util.HashMap::afterNodeInsertion (1 bytes)
Event: 0.085 Thread 0x0000013d11100800   78       3       java.lang.StringLatin1::indexOf (61 bytes)
Event: 0.085 Thread 0x0000013d7f7d5000 nmethod 76 0x0000013d07ad5610 code [0x0000013d07ad57a0, 0x0000013d07ad57f8]
Event: 0.085 Thread 0x0000013d11100800 nmethod 78 0x0000013d005ba790 code [0x0000013d005ba960, 0x0000013d005bad78]
Event: 0.086 Thread 0x0000013d11100800   79       3       java.lang.String::hashCode (49 bytes)
Event: 0.086 Thread 0x0000013d11100800 nmethod 79 0x0000013d005bae90 code [0x0000013d005bb080, 0x0000013d005bb4f0]
Event: 0.087 Thread 0x0000013d11100800   80       3       java.lang.AbstractStringBuilder::ensureCapacityInternal (39 bytes)
Event: 0.087 Thread 0x0000013d11100800 nmethod 80 0x0000013d005bb690 code [0x0000013d005bb880, 0x0000013d005bbd60]
Event: 0.087 Thread 0x0000013d11100800   81       3       java.lang.CharacterDataLatin1::getProperties (11 bytes)
Event: 0.087 Thread 0x0000013d11100800 nmethod 81 0x0000013d005bbf10 code [0x0000013d005bc0c0, 0x0000013d005bc258]
Event: 0.100 Thread 0x0000013d11100800   86       3       java.lang.StringLatin1::canEncode (13 bytes)
Event: 0.100 Thread 0x0000013d11100800 nmethod 86 0x0000013d005bc310 code [0x0000013d005bc4c0, 0x0000013d005bc658]
Event: 0.101 Thread 0x0000013d11100800   88       3       java.lang.AbstractStringBuilder::isLatin1 (19 bytes)
Event: 0.102 Thread 0x0000013d11100800 nmethod 88 0x0000013d005bc710 code [0x0000013d005bc8c0, 0x0000013d005bca98]
Event: 0.102 Thread 0x0000013d11100800   87       1       java.lang.Enum::ordinal (5 bytes)
Event: 0.102 Thread 0x0000013d11100800 nmethod 87 0x0000013d07ad6090 code [0x0000013d07ad6240, 0x0000013d07ad6358]

GC Heap History (0 events):
No events

Deoptimization events (4 events):
Event: 0.086 Thread 0x0000013d6f99c000 Uncommon trap: trap_request=0xffffff4d fr.pc=0x0000013d07ad5210 relative=0x00000000000001f0
Event: 0.086 Thread 0x0000013d6f99c000 Uncommon trap: reason=unstable_if action=reinterpret pc=0x0000013d07ad5210 method=java.lang.String.hashCode()I @ 14 c2
Event: 0.086 Thread 0x0000013d6f99c000 DEOPT PACKING pc=0x0000013d07ad5210 sp=0x00000020e5bfd7c0
Event: 0.086 Thread 0x0000013d6f99c000 DEOPT UNPACKING pc=0x0000013d00028f2f sp=0x00000020e5bfd758 mode 2

Classes redefined (0 events):
No events

Internal exceptions (0 events):
No events

Events (20 events):
Event: 0.101 loading class jdk/internal/org/objectweb/asm/AnnotationWriter
Event: 0.101 loading class jdk/internal/org/objectweb/asm/AnnotationVisitor
Event: 0.101 loading class jdk/internal/org/objectweb/asm/AnnotationVisitor done
Event: 0.101 loading class jdk/internal/org/objectweb/asm/AnnotationWriter done
Event: 0.101 loading class java/lang/invoke/InnerClassLambdaMetafactory$ForwardingMethodGenerator
Event: 0.101 loading class java/lang/invoke/TypeConvertingMethodAdapter
Event: 0.101 loading class java/lang/invoke/TypeConvertingMethodAdapter done
Event: 0.101 loading class java/lang/invoke/InnerClassLambdaMetafactory$ForwardingMethodGenerator done
Event: 0.102 loading class java/util/Arrays$ArrayList
Event: 0.102 loading class java/util/Arrays$ArrayList done
Event: 0.102 loading class java/util/Arrays$ArrayItr
Event: 0.102 loading class java/util/Arrays$ArrayItr done
Event: 0.102 loading class java/nio/CharBuffer
Event: 0.102 loading class java/lang/Readable
Event: 0.102 loading class java/lang/Readable done
Event: 0.102 loading class java/nio/CharBuffer done
Event: 0.103 loading class java/nio/HeapCharBuffer
Event: 0.103 loading class java/nio/HeapCharBuffer done
Event: 0.103 loading class java/nio/charset/CoderResult
Event: 0.103 loading class java/nio/charset/CoderResult done


Dynamic libraries:
0x00007ff741060000 - 0x00007ff74106d000 	C:\Program Files\Amazon Corretto\jdk11.0.5_10\bin\javaw.exe
0x00007ffc41100000 - 0x00007ffc412f0000 	C:\WINDOWS\SYSTEM32\ntdll.dll
0x00007ffc3f960000 - 0x00007ffc3fa12000 	C:\WINDOWS\System32\KERNEL32.DLL
0x00007ffc3ec00000 - 0x00007ffc3eea4000 	C:\WINDOWS\System32\KERNELBASE.dll
0x00007ffc3eb00000 - 0x00007ffc3ebfa000 	C:\WINDOWS\System32\ucrtbase.dll
0x00007ffc27c70000 - 0x00007ffc27c87000 	C:\Program Files\Amazon Corretto\jdk11.0.5_10\bin\jli.dll
0x00007ffc27c90000 - 0x00007ffc27ca5000 	C:\Program Files\Amazon Corretto\jdk11.0.5_10\bin\VCRUNTIME140.dll
0x00007ffc3f7c0000 - 0x00007ffc3f954000 	C:\WINDOWS\System32\USER32.dll
0x00007ffc3ead0000 - 0x00007ffc3eaf1000 	C:\WINDOWS\System32\win32u.dll
0x00007ffc2d850000 - 0x00007ffc2dad4000 	C:\WINDOWS\WinSxS\amd64_microsoft.windows.common-controls_6595b64144ccf1df_6.0.18362.836_none_e6c4b943130f18ed\COMCTL32.dll
0x00007ffc40ac0000 - 0x00007ffc40ae6000 	C:\WINDOWS\System32\GDI32.dll
0x00007ffc3f430000 - 0x00007ffc3f4ce000 	C:\WINDOWS\System32\msvcrt.dll
0x00007ffc3efc0000 - 0x00007ffc3f154000 	C:\WINDOWS\System32\gdi32full.dll
0x00007ffc3fa20000 - 0x00007ffc3fd56000 	C:\WINDOWS\System32\combase.dll
0x00007ffc3e830000 - 0x00007ffc3e8ce000 	C:\WINDOWS\System32\msvcp_win.dll
0x00007ffc40970000 - 0x00007ffc40a90000 	C:\WINDOWS\System32\RPCRT4.dll
0x00007ffc3e900000 - 0x00007ffc3e980000 	C:\WINDOWS\System32\bcryptPrimitives.dll
0x00007ffc40a90000 - 0x00007ffc40abe000 	C:\WINDOWS\System32\IMM32.DLL
0x00007ffc24120000 - 0x00007ffc241bb000 	C:\Program Files\Amazon Corretto\jdk11.0.5_10\bin\msvcp140.dll
0x00007ffbf7200000 - 0x00007ffbf7cba000 	C:\Program Files\Amazon Corretto\jdk11.0.5_10\bin\server\jvm.dll
0x00007ffc3fee0000 - 0x00007ffc3ff83000 	C:\WINDOWS\System32\ADVAPI32.dll
0x00007ffc3fd70000 - 0x00007ffc3fe07000 	C:\WINDOWS\System32\sechost.dll
0x00007ffc3f660000 - 0x00007ffc3f668000 	C:\WINDOWS\System32\PSAPI.DLL
0x00007ffc2dd50000 - 0x00007ffc2dd59000 	C:\WINDOWS\SYSTEM32\WSOCK32.dll
0x00007ffc3b5e0000 - 0x00007ffc3b604000 	C:\WINDOWS\SYSTEM32\WINMM.dll
0x00007ffc3fe70000 - 0x00007ffc3fedf000 	C:\WINDOWS\System32\WS2_32.dll
0x00007ffc368e0000 - 0x00007ffc368ea000 	C:\WINDOWS\SYSTEM32\VERSION.dll
0x00007ffc3b560000 - 0x00007ffc3b58d000 	C:\WINDOWS\SYSTEM32\WINMMBASE.dll
0x00007ffc3f160000 - 0x00007ffc3f1aa000 	C:\WINDOWS\System32\cfgmgr32.dll
0x00007ffc3dfd0000 - 0x00007ffc3dfe1000 	C:\WINDOWS\System32\kernel.appcore.dll
0x00007ffc3bb00000 - 0x00007ffc3bb10000 	C:\Program Files\Amazon Corretto\jdk11.0.5_10\bin\verify.dll
0x00007ffc3c8e0000 - 0x00007ffc3cad4000 	C:\WINDOWS\SYSTEM32\DBGHELP.DLL
0x00007ffc29990000 - 0x00007ffc299ba000 	C:\WINDOWS\SYSTEM32\dbgcore.DLL
0x00007ffc27c20000 - 0x00007ffc27c48000 	C:\Program Files\Amazon Corretto\jdk11.0.5_10\bin\java.dll
0x00007ffc2a970000 - 0x00007ffc2a986000 	C:\Program Files\Amazon Corretto\jdk11.0.5_10\bin\zip.dll
0x00007ffc29f80000 - 0x00007ffc29f8a000 	C:\Program Files\Amazon Corretto\jdk11.0.5_10\bin\jimage.dll
0x00007ffc40280000 - 0x00007ffc40964000 	C:\WINDOWS\System32\SHELL32.dll
0x00007ffc3f4e0000 - 0x00007ffc3f589000 	C:\WINDOWS\System32\shcore.dll
0x00007ffc3e090000 - 0x00007ffc3e80e000 	C:\WINDOWS\System32\windows.storage.dll
0x00007ffc3dff0000 - 0x00007ffc3e013000 	C:\WINDOWS\System32\profapi.dll
0x00007ffc3e020000 - 0x00007ffc3e06a000 	C:\WINDOWS\System32\powrprof.dll
0x00007ffc3dfc0000 - 0x00007ffc3dfd0000 	C:\WINDOWS\System32\UMPDC.dll
0x00007ffc3f220000 - 0x00007ffc3f272000 	C:\WINDOWS\System32\shlwapi.dll
0x00007ffc3e810000 - 0x00007ffc3e827000 	C:\WINDOWS\System32\cryptsp.dll

dbghelp: loaded successfully - version: 4.0.5 - missing functions: none
symbol engine: initialized successfully - sym options: 0x614 - pdb path: .;C:\Program Files\Amazon Corretto\jdk11.0.5_10\bin;C:\WINDOWS\SYSTEM32;C:\WINDOWS\WinSxS\amd64_microsoft.windows.common-controls_6595b64144ccf1df_6.0.18362.836_none_e6c4b943130f18ed;C:\Program Files\Amazon Corretto\jdk11.0.5_10\bin\server

VM Arguments:
jvm_args: -Dfile.encoding=Cp1252 
java_command: com.mycodefu.unsafe.tests.UnsafeTests
java_class_path (initial): C:\Users\JettT\OneDrive\eclipse-code\unsafe-tests\target\classes
Launcher Type: SUN_STANDARD

[Global flags]
     intx CICompilerCount                          = 4                                         {product} {ergonomic}
     uint ConcGCThreads                            = 2                                         {product} {ergonomic}
     uint G1ConcRefinementThreads                  = 8                                         {product} {ergonomic}
   size_t G1HeapRegionSize                         = 1048576                                   {product} {ergonomic}
    uintx GCDrainStackTargetSize                   = 64                                        {product} {ergonomic}
   size_t InitialHeapSize                          = 132120576                                 {product} {ergonomic}
   size_t MarkStackSize                            = 4194304                                   {product} {ergonomic}
   size_t MaxHeapSize                              = 2105540608                                {product} {ergonomic}
   size_t MaxNewSize                               = 1262485504                                {product} {ergonomic}
   size_t MinHeapDeltaBytes                        = 1048576                                   {product} {ergonomic}
    uintx NonNMethodCodeHeapSize                   = 5836300                                {pd product} {ergonomic}
    uintx NonProfiledCodeHeapSize                  = 122910970                              {pd product} {ergonomic}
    uintx ProfiledCodeHeapSize                     = 122910970                              {pd product} {ergonomic}
    uintx ReservedCodeCacheSize                    = 251658240                              {pd product} {ergonomic}
     bool SegmentedCodeCache                       = true                                      {product} {ergonomic}
     bool UseCompressedClassPointers               = true                                 {lp64_product} {ergonomic}
     bool UseCompressedOops                        = true                                 {lp64_product} {ergonomic}
     bool UseG1GC                                  = true                                      {product} {ergonomic}
     bool UseLargePagesIndividualAllocation        = false                                  {pd product} {ergonomic}

Logging:
Log output configuration:
 #0: stdout all=warning uptime,level,tags
 #1: stderr all=off uptime,level,tags

Environment Variables:
JAVA_HOME=C:\Program Files\Amazon Corretto\jdk11.0.5_10
JRE_HOME=C:\Program Files (x86)\Java\jre1.8.0_181
PATH=C:/Program Files/Amazon Corretto/jdk11.0.5_10/bin/server;C:/Program Files/Amazon Corretto/jdk11.0.5_10/bin;C:\Program Files\Amazon Corretto\jdk11.0.5_10\bin;C:\WINDOWS\system32;C:\WINDOWS;C:\WINDOWS\System32\Wbem;C:\WINDOWS\System32\WindowsPowerShell\v1.0\;C:\Program Files (x86)\Java\jre1.8.0_181\bin;C:\WINDOWS\System32\OpenSSH\;C:\Go\bin;C:\Program Files\nodejs\;C:\Program Files (x86)\Intel\Intel(R) Management Engine Components\DAL;C:\Program Files\Intel\Intel(R) Management Engine Components\DAL;C:\ProgramData\chocolatey\bin;C:\Users\JettT\tools\apache-maven-3.6.2\apache-maven-3.6.2\bin;C:\Program Files (x86)\WiX Toolset v3.11\\bin;C:\ProgramData\chocolatey\lib\maven\apache-maven-3.6.2\bin;C:\Program Files\Git\cmd;C:\Program Files\GraalVM\graalvm-ce-java11-20.0.0\bin;C:\ProgramData\chocolatey\lib\maven\apache-maven-3.6.3\bin;C:\Users\JettT\AppData\Local\Microsoft\WindowsApps;C:\Program Files\JetBrains\IntelliJ IDEA Community Edition 2018.3.4\bin;;C:\Users\JettT\go\bin;C:\Users\JettT\AppData\Roaming\npm;C:\Users\JettT\AppData\Local\Programs\Microsoft VS Code\bin;C:\Program Files (x86)\Microsoft Visual Studio\2019\BuildTools\VC\Tools\MSVC\14.25.28610\bin\Hostx64\x64;C:\Users\JettT\tools\apache-maven-3.6.2\apache-maven-3.6.2\bin\mvn.cmd;;C:\eclipse\eclipse;
USERNAME=JettT
OS=Windows_NT
PROCESSOR_IDENTIFIER=Intel64 Family 6 Model 142 Stepping 10, GenuineIntel



---------------  S Y S T E M  ---------------

OS: Windows 10 , 64 bit Build 18362 (10.0.18362.778)

CPU:total 8 (initial active 8) (4 cores per cpu, 2 threads per core) family 6 model 142 stepping 10, cmov, cx8, fxsr, mmx, sse, sse2, sse3, ssse3, sse4.1, sse4.2, popcnt, avx, avx2, aes, clmul, erms, 3dnowpref, lzcnt, ht, tsc, tscinvbit, bmi1, bmi2, adx, fma

Memory: 4k page, system-wide physical 8025M (2988M free)
TotalPageFile size 12889M (AvailPageFile size 5107M)
current process WorkingSet (physical memory assigned to process): 30M, peak: 30M
current process commit charge ("private bytes"): 201M, peak: 201M

vm_info: OpenJDK 64-Bit Server VM (11.0.5+10-LTS) for windows-amd64 JRE (11.0.5+10-LTS), built on Oct 12 2019 22:26:57 by "Administrator" with unknown MS VC++:1916

END.
